{"C:\\Vanita\\Project\\AIS\\AIS-FED-repo\\src\\App.js": {"path":"C:\\Vanita\\Project\\AIS\\AIS-FED-repo\\src\\App.js","statementMap":{"0":{"start":{"line":12,"column":45},"end":{"line":12,"column":60}},"1":{"start":{"line":13,"column":2},"end":{"line":18,"column":9}},"2":{"start":{"line":14,"column":4},"end":{"line":17,"column":7}},"3":{"start":{"line":15,"column":6},"end":{"line":15,"column":27}},"4":{"start":{"line":16,"column":6},"end":{"line":16,"column":24}},"5":{"start":{"line":21,"column":4},"end":{"line":23,"column":21}},"6":{"start":{"line":25,"column":2},"end":{"line":29,"column":4}}},"fnMap":{"0":{"name":"App","decl":{"start":{"line":11,"column":9},"end":{"line":11,"column":12}},"loc":{"start":{"line":11,"column":15},"end":{"line":30,"column":1}},"line":11},"1":{"name":"(anonymous_1)","decl":{"start":{"line":13,"column":12},"end":{"line":13,"column":13}},"loc":{"start":{"line":13,"column":18},"end":{"line":18,"column":3}},"line":13},"2":{"name":"(anonymous_2)","decl":{"start":{"line":14,"column":20},"end":{"line":14,"column":21}},"loc":{"start":{"line":14,"column":34},"end":{"line":17,"column":5}},"line":14}},"branchMap":{"0":{"loc":{"start":{"line":27,"column":7},"end":{"line":27,"column":54}},"type":"cond-expr","locations":[{"start":{"line":27,"column":26},"end":{"line":27,"column":41}},{"start":{"line":27,"column":44},"end":{"line":27,"column":54}}],"line":27}},"s":{"0":1,"1":1,"2":1,"3":0,"4":0,"5":1,"6":1},"f":{"0":1,"1":1,"2":0},"b":{"0":[0,1]},"_coverageSchema":"1a1c01bbd47fc00a2c39e90264f33305004495a9","hash":"f35d0db7b078fdefbd0db993ea127c030cfcddec"}
,"C:\\Vanita\\Project\\AIS\\AIS-FED-repo\\src\\DataFromCMS.js": {"path":"C:\\Vanita\\Project\\AIS\\AIS-FED-repo\\src\\DataFromCMS.js","statementMap":{"0":{"start":{"line":26,"column":20},"end":{"line":69,"column":1}},"1":{"start":{"line":27,"column":18},"end":{"line":32,"column":3}},"2":{"start":{"line":28,"column":20},"end":{"line":28,"column":47}},"3":{"start":{"line":29,"column":17},"end":{"line":29,"column":56}},"4":{"start":{"line":30,"column":17},"end":{"line":30,"column":68}},"5":{"start":{"line":31,"column":4},"end":{"line":31,"column":44}},"6":{"start":{"line":35,"column":25},"end":{"line":50,"column":3}},"7":{"start":{"line":36,"column":25},"end":{"line":36,"column":36}},"8":{"start":{"line":38,"column":4},"end":{"line":49,"column":8}},"9":{"start":{"line":51,"column":2},"end":{"line":51,"column":61}},"10":{"start":{"line":52,"column":2},"end":{"line":52,"column":60}},"11":{"start":{"line":53,"column":2},"end":{"line":53,"column":55}},"12":{"start":{"line":54,"column":2},"end":{"line":54,"column":50}},"13":{"start":{"line":55,"column":2},"end":{"line":55,"column":64}},"14":{"start":{"line":56,"column":2},"end":{"line":56,"column":70}},"15":{"start":{"line":59,"column":2},"end":{"line":59,"column":53}},"16":{"start":{"line":60,"column":2},"end":{"line":60,"column":52}},"17":{"start":{"line":61,"column":2},"end":{"line":61,"column":41}},"18":{"start":{"line":62,"column":2},"end":{"line":62,"column":56}},"19":{"start":{"line":63,"column":2},"end":{"line":63,"column":60}},"20":{"start":{"line":65,"column":2},"end":{"line":65,"column":56}},"21":{"start":{"line":66,"column":2},"end":{"line":66,"column":42}},"22":{"start":{"line":67,"column":2},"end":{"line":67,"column":54}},"23":{"start":{"line":68,"column":2},"end":{"line":68,"column":49}}},"fnMap":{"0":{"name":"(anonymous_0)","decl":{"start":{"line":26,"column":20},"end":{"line":26,"column":21}},"loc":{"start":{"line":26,"column":34},"end":{"line":69,"column":1}},"line":26},"1":{"name":"(anonymous_1)","decl":{"start":{"line":27,"column":18},"end":{"line":27,"column":19}},"loc":{"start":{"line":27,"column":26},"end":{"line":32,"column":3}},"line":27},"2":{"name":"(anonymous_2)","decl":{"start":{"line":35,"column":25},"end":{"line":35,"column":26}},"loc":{"start":{"line":35,"column":44},"end":{"line":50,"column":3}},"line":35}},"branchMap":{"0":{"loc":{"start":{"line":29,"column":17},"end":{"line":29,"column":56}},"type":"binary-expr","locations":[{"start":{"line":29,"column":17},"end":{"line":29,"column":24}},{"start":{"line":29,"column":28},"end":{"line":29,"column":56}}],"line":29},"1":{"loc":{"start":{"line":30,"column":17},"end":{"line":30,"column":68}},"type":"cond-expr","locations":[{"start":{"line":30,"column":27},"end":{"line":30,"column":61}},{"start":{"line":30,"column":64},"end":{"line":30,"column":68}}],"line":30},"2":{"loc":{"start":{"line":38,"column":4},"end":{"line":49,"column":7}},"type":"binary-expr","locations":[{"start":{"line":38,"column":4},"end":{"line":38,"column":8}},{"start":{"line":39,"column":6},"end":{"line":49,"column":7}}],"line":38}},"s":{"0":1,"1":1,"2":15,"3":15,"4":15,"5":15,"6":1,"7":14,"8":14,"9":1,"10":1,"11":1,"12":1,"13":1,"14":1,"15":1,"16":1,"17":1,"18":1,"19":1,"20":1,"21":1,"22":1,"23":1},"f":{"0":1,"1":15,"2":14},"b":{"0":[15,0],"1":[0,15],"2":[14,0]},"_coverageSchema":"1a1c01bbd47fc00a2c39e90264f33305004495a9","hash":"e1a5d93fbfbcec8ff53757077784efb7e17a40b4"}
,"C:\\Vanita\\Project\\AIS\\AIS-FED-repo\\src\\MaterialUIGlobalTheme.js": {"path":"C:\\Vanita\\Project\\AIS\\AIS-FED-repo\\src\\MaterialUIGlobalTheme.js","statementMap":{"0":{"start":{"line":5,"column":14},"end":{"line":36,"column":2}},"1":{"start":{"line":39,"column":2},"end":{"line":43,"column":4}},"2":{"start":{"line":46,"column":0},"end":{"line":48,"column":1}}},"fnMap":{"0":{"name":"MaterialUIGlobalTheme","decl":{"start":{"line":38,"column":9},"end":{"line":38,"column":30}},"loc":{"start":{"line":38,"column":38},"end":{"line":44,"column":1}},"line":38}},"branchMap":{},"s":{"0":2,"1":2,"2":2},"f":{"0":2},"b":{},"_coverageSchema":"1a1c01bbd47fc00a2c39e90264f33305004495a9","hash":"b4d662015fa88a644d41878b15e1f4d8b687fbbe"}
,"C:\\Vanita\\Project\\AIS\\AIS-FED-repo\\src\\store.js": {"path":"C:\\Vanita\\Project\\AIS\\AIS-FED-repo\\src\\store.js","statementMap":{"0":{"start":{"line":6,"column":27},"end":{"line":6,"column":39}},"1":{"start":{"line":8,"column":41},"end":{"line":8,"column":85}},"2":{"start":{"line":10,"column":21},"end":{"line":10,"column":59}}},"fnMap":{},"branchMap":{},"s":{"0":21,"1":21,"2":21},"f":{},"b":{},"_coverageSchema":"1a1c01bbd47fc00a2c39e90264f33305004495a9","hash":"2c5a8fe95ae632c6d208c2dfd70ebdb2cac5c237"}
,"C:\\Vanita\\Project\\AIS\\AIS-FED-repo\\src\\Utility\\Constant.js": {"path":"C:\\Vanita\\Project\\AIS\\AIS-FED-repo\\src\\Utility\\Constant.js","statementMap":{"0":{"start":{"line":1,"column":34},"end":{"line":4,"column":1}}},"fnMap":{},"branchMap":{},"s":{"0":1},"f":{},"b":{},"_coverageSchema":"1a1c01bbd47fc00a2c39e90264f33305004495a9","hash":"9218af5324d6d7b3521e4e95533610e653fa3430"}
,"C:\\Vanita\\Project\\AIS\\AIS-FED-repo\\src\\Utility\\Regex\\CheckTextType.jsx": {"path":"C:\\Vanita\\Project\\AIS\\AIS-FED-repo\\src\\Utility\\Regex\\CheckTextType.jsx","statementMap":{"0":{"start":{"line":1,"column":16},"end":{"line":3,"column":1}},"1":{"start":{"line":2,"column":2},"end":{"line":2,"column":30}},"2":{"start":{"line":5,"column":23},"end":{"line":7,"column":1}},"3":{"start":{"line":6,"column":2},"end":{"line":6,"column":40}},"4":{"start":{"line":9,"column":18},"end":{"line":11,"column":1}},"5":{"start":{"line":10,"column":2},"end":{"line":10,"column":33}},"6":{"start":{"line":13,"column":27},"end":{"line":15,"column":1}},"7":{"start":{"line":14,"column":2},"end":{"line":14,"column":34}},"8":{"start":{"line":17,"column":22},"end":{"line":19,"column":1}},"9":{"start":{"line":18,"column":2},"end":{"line":18,"column":30}},"10":{"start":{"line":21,"column":16},"end":{"line":25,"column":1}},"11":{"start":{"line":22,"column":2},"end":{"line":24,"column":4}},"12":{"start":{"line":27,"column":27},"end":{"line":29,"column":1}},"13":{"start":{"line":28,"column":2},"end":{"line":28,"column":38}},"14":{"start":{"line":31,"column":21},"end":{"line":33,"column":1}},"15":{"start":{"line":32,"column":2},"end":{"line":32,"column":30}},"16":{"start":{"line":35,"column":22},"end":{"line":37,"column":1}},"17":{"start":{"line":36,"column":2},"end":{"line":36,"column":30}},"18":{"start":{"line":39,"column":21},"end":{"line":41,"column":1}},"19":{"start":{"line":40,"column":2},"end":{"line":40,"column":32}},"20":{"start":{"line":43,"column":21},"end":{"line":45,"column":1}},"21":{"start":{"line":44,"column":2},"end":{"line":44,"column":32}},"22":{"start":{"line":46,"column":22},"end":{"line":48,"column":1}},"23":{"start":{"line":47,"column":2},"end":{"line":47,"column":63}}},"fnMap":{"0":{"name":"(anonymous_0)","decl":{"start":{"line":1,"column":16},"end":{"line":1,"column":17}},"loc":{"start":{"line":1,"column":27},"end":{"line":3,"column":1}},"line":1},"1":{"name":"(anonymous_1)","decl":{"start":{"line":5,"column":23},"end":{"line":5,"column":24}},"loc":{"start":{"line":5,"column":34},"end":{"line":7,"column":1}},"line":5},"2":{"name":"(anonymous_2)","decl":{"start":{"line":9,"column":18},"end":{"line":9,"column":19}},"loc":{"start":{"line":9,"column":29},"end":{"line":11,"column":1}},"line":9},"3":{"name":"(anonymous_3)","decl":{"start":{"line":13,"column":27},"end":{"line":13,"column":28}},"loc":{"start":{"line":13,"column":38},"end":{"line":15,"column":1}},"line":13},"4":{"name":"(anonymous_4)","decl":{"start":{"line":17,"column":22},"end":{"line":17,"column":23}},"loc":{"start":{"line":17,"column":33},"end":{"line":19,"column":1}},"line":17},"5":{"name":"(anonymous_5)","decl":{"start":{"line":21,"column":16},"end":{"line":21,"column":17}},"loc":{"start":{"line":21,"column":27},"end":{"line":25,"column":1}},"line":21},"6":{"name":"(anonymous_6)","decl":{"start":{"line":27,"column":27},"end":{"line":27,"column":28}},"loc":{"start":{"line":27,"column":38},"end":{"line":29,"column":1}},"line":27},"7":{"name":"(anonymous_7)","decl":{"start":{"line":31,"column":21},"end":{"line":31,"column":22}},"loc":{"start":{"line":31,"column":32},"end":{"line":33,"column":1}},"line":31},"8":{"name":"(anonymous_8)","decl":{"start":{"line":35,"column":22},"end":{"line":35,"column":23}},"loc":{"start":{"line":35,"column":33},"end":{"line":37,"column":1}},"line":35},"9":{"name":"(anonymous_9)","decl":{"start":{"line":39,"column":21},"end":{"line":39,"column":22}},"loc":{"start":{"line":39,"column":32},"end":{"line":41,"column":1}},"line":39},"10":{"name":"(anonymous_10)","decl":{"start":{"line":43,"column":21},"end":{"line":43,"column":22}},"loc":{"start":{"line":43,"column":32},"end":{"line":45,"column":1}},"line":43},"11":{"name":"(anonymous_11)","decl":{"start":{"line":46,"column":22},"end":{"line":46,"column":23}},"loc":{"start":{"line":46,"column":33},"end":{"line":48,"column":1}},"line":46}},"branchMap":{},"s":{"0":4,"1":192,"2":4,"3":171,"4":4,"5":0,"6":4,"7":10,"8":4,"9":186,"10":4,"11":33,"12":4,"13":2,"14":4,"15":2,"16":4,"17":0,"18":4,"19":4,"20":4,"21":33,"22":4,"23":31},"f":{"0":192,"1":171,"2":0,"3":10,"4":186,"5":33,"6":2,"7":2,"8":0,"9":4,"10":33,"11":31},"b":{},"_coverageSchema":"1a1c01bbd47fc00a2c39e90264f33305004495a9","hash":"c0d751324dcff5851d6627a0b03bdee26f5d14a3"}
,"C:\\Vanita\\Project\\AIS\\AIS-FED-repo\\src\\Utility\\Regex\\Common.jsx": {"path":"C:\\Vanita\\Project\\AIS\\AIS-FED-repo\\src\\Utility\\Regex\\Common.jsx","statementMap":{"0":{"start":{"line":1,"column":22},"end":{"line":3,"column":1}},"1":{"start":{"line":2,"column":2},"end":{"line":2,"column":49}}},"fnMap":{"0":{"name":"(anonymous_0)","decl":{"start":{"line":1,"column":22},"end":{"line":1,"column":23}},"loc":{"start":{"line":1,"column":33},"end":{"line":3,"column":1}},"line":1}},"branchMap":{},"s":{"0":3,"1":2},"f":{"0":2},"b":{},"_coverageSchema":"1a1c01bbd47fc00a2c39e90264f33305004495a9","hash":"e7a2245e3d31c0421b5ee5782c387856ee9aab56"}
,"C:\\Vanita\\Project\\AIS\\AIS-FED-repo\\src\\Utility\\StringChange\\Common.jsx": {"path":"C:\\Vanita\\Project\\AIS\\AIS-FED-repo\\src\\Utility\\StringChange\\Common.jsx","statementMap":{"0":{"start":{"line":1,"column":20},"end":{"line":7,"column":1}},"1":{"start":{"line":2,"column":13},"end":{"line":5,"column":13}},"2":{"start":{"line":4,"column":19},"end":{"line":4,"column":58}},"3":{"start":{"line":6,"column":2},"end":{"line":6,"column":47}}},"fnMap":{"0":{"name":"(anonymous_0)","decl":{"start":{"line":1,"column":20},"end":{"line":1,"column":21}},"loc":{"start":{"line":1,"column":34},"end":{"line":7,"column":1}},"line":1},"1":{"name":"(anonymous_1)","decl":{"start":{"line":4,"column":9},"end":{"line":4,"column":10}},"loc":{"start":{"line":4,"column":19},"end":{"line":4,"column":58}},"line":4}},"branchMap":{},"s":{"0":3,"1":527,"2":806,"3":527},"f":{"0":527,"1":806},"b":{},"_coverageSchema":"1a1c01bbd47fc00a2c39e90264f33305004495a9","hash":"d87ed6cf29496fafa89fef079a53b6a0bc38dc18"}
,"C:\\Vanita\\Project\\AIS\\AIS-FED-repo\\src\\components\\AddressComponent\\AddressTab.jsx": {"path":"C:\\Vanita\\Project\\AIS\\AIS-FED-repo\\src\\components\\AddressComponent\\AddressTab.jsx","statementMap":{"0":{"start":{"line":13,"column":47},"end":{"line":13,"column":52}},"1":{"start":{"line":14,"column":2},"end":{"line":28,"column":4}},"2":{"start":{"line":32,"column":2},"end":{"line":35,"column":4}},"3":{"start":{"line":39,"column":28},"end":{"line":39,"column":45}},"4":{"start":{"line":40,"column":13},"end":{"line":40,"column":24}},"5":{"start":{"line":41,"column":2},"end":{"line":43,"column":3}},"6":{"start":{"line":42,"column":4},"end":{"line":42,"column":20}},"7":{"start":{"line":44,"column":23},"end":{"line":46,"column":3}},"8":{"start":{"line":45,"column":4},"end":{"line":45,"column":23}},"9":{"start":{"line":48,"column":2},"end":{"line":69,"column":4}},"10":{"start":{"line":72,"column":0},"end":{"line":74,"column":1}},"11":{"start":{"line":76,"column":0},"end":{"line":80,"column":1}}},"fnMap":{"0":{"name":"TabPanel","decl":{"start":{"line":12,"column":9},"end":{"line":12,"column":17}},"loc":{"start":{"line":12,"column":25},"end":{"line":29,"column":1}},"line":12},"1":{"name":"a11yProps","decl":{"start":{"line":31,"column":9},"end":{"line":31,"column":18}},"loc":{"start":{"line":31,"column":26},"end":{"line":36,"column":1}},"line":31},"2":{"name":"AddressTab","decl":{"start":{"line":38,"column":24},"end":{"line":38,"column":34}},"loc":{"start":{"line":38,"column":42},"end":{"line":70,"column":1}},"line":38},"3":{"name":"(anonymous_3)","decl":{"start":{"line":44,"column":23},"end":{"line":44,"column":24}},"loc":{"start":{"line":44,"column":44},"end":{"line":46,"column":3}},"line":44}},"branchMap":{"0":{"loc":{"start":{"line":22,"column":7},"end":{"line":26,"column":7}},"type":"binary-expr","locations":[{"start":{"line":22,"column":7},"end":{"line":22,"column":22}},{"start":{"line":23,"column":8},"end":{"line":25,"column":14}}],"line":22},"1":{"loc":{"start":{"line":41,"column":2},"end":{"line":43,"column":3}},"type":"if","locations":[{"start":{"line":41,"column":2},"end":{"line":43,"column":3}},{"start":{},"end":{}}],"line":41}},"s":{"0":2,"1":2,"2":2,"3":1,"4":1,"5":1,"6":1,"7":1,"8":0,"9":1,"10":3,"11":3},"f":{"0":2,"1":2,"2":1,"3":0},"b":{"0":[2,1],"1":[1,0]},"_coverageSchema":"1a1c01bbd47fc00a2c39e90264f33305004495a9","hash":"546f39439245230b73e1dc4582b1114329adf7c3"}
,"C:\\Vanita\\Project\\AIS\\AIS-FED-repo\\src\\components\\AddressComponent\\CardStructure.jsx": {"path":"C:\\Vanita\\Project\\AIS\\AIS-FED-repo\\src\\components\\AddressComponent\\CardStructure.jsx","statementMap":{"0":{"start":{"line":14,"column":22},"end":{"line":177,"column":1}},"1":{"start":{"line":15,"column":18},"end":{"line":15,"column":30}},"2":{"start":{"line":17,"column":16},"end":{"line":17,"column":26}},"3":{"start":{"line":18,"column":19},"end":{"line":18,"column":61}},"4":{"start":{"line":27,"column":6},"end":{"line":27,"column":25}},"5":{"start":{"line":28,"column":20},"end":{"line":31,"column":3}},"6":{"start":{"line":29,"column":16},"end":{"line":29,"column":33}},"7":{"start":{"line":30,"column":4},"end":{"line":30,"column":30}},"8":{"start":{"line":34,"column":4},"end":{"line":94,"column":11}},"9":{"start":{"line":98,"column":4},"end":{"line":174,"column":11}},"10":{"start":{"line":176,"column":2},"end":{"line":176,"column":50}},"11":{"start":{"line":179,"column":0},"end":{"line":182,"column":1}}},"fnMap":{"0":{"name":"(anonymous_0)","decl":{"start":{"line":14,"column":22},"end":{"line":14,"column":23}},"loc":{"start":{"line":14,"column":33},"end":{"line":177,"column":1}},"line":14},"1":{"name":"(anonymous_1)","decl":{"start":{"line":28,"column":20},"end":{"line":28,"column":21}},"loc":{"start":{"line":28,"column":28},"end":{"line":31,"column":3}},"line":28}},"branchMap":{"0":{"loc":{"start":{"line":20,"column":4},"end":{"line":20,"column":25}},"type":"default-arg","locations":[{"start":{"line":20,"column":23},"end":{"line":20,"column":25}}],"line":20},"1":{"loc":{"start":{"line":21,"column":4},"end":{"line":21,"column":18}},"type":"default-arg","locations":[{"start":{"line":21,"column":16},"end":{"line":21,"column":18}}],"line":21},"2":{"loc":{"start":{"line":22,"column":4},"end":{"line":22,"column":18}},"type":"default-arg","locations":[{"start":{"line":22,"column":16},"end":{"line":22,"column":18}}],"line":22},"3":{"loc":{"start":{"line":23,"column":4},"end":{"line":23,"column":26}},"type":"default-arg","locations":[{"start":{"line":23,"column":23},"end":{"line":23,"column":26}}],"line":23},"4":{"loc":{"start":{"line":24,"column":4},"end":{"line":24,"column":20}},"type":"default-arg","locations":[{"start":{"line":24,"column":18},"end":{"line":24,"column":20}}],"line":24},"5":{"loc":{"start":{"line":25,"column":4},"end":{"line":25,"column":30}},"type":"default-arg","locations":[{"start":{"line":25,"column":28},"end":{"line":25,"column":30}}],"line":25},"6":{"loc":{"start":{"line":26,"column":4},"end":{"line":26,"column":24}},"type":"default-arg","locations":[{"start":{"line":26,"column":22},"end":{"line":26,"column":24}}],"line":26},"7":{"loc":{"start":{"line":27,"column":6},"end":{"line":27,"column":25}},"type":"binary-expr","locations":[{"start":{"line":27,"column":6},"end":{"line":27,"column":19}},{"start":{"line":27,"column":23},"end":{"line":27,"column":25}}],"line":27},"8":{"loc":{"start":{"line":30,"column":11},"end":{"line":30,"column":29}},"type":"cond-expr","locations":[{"start":{"line":30,"column":19},"end":{"line":30,"column":24}},{"start":{"line":30,"column":27},"end":{"line":30,"column":29}}],"line":30},"9":{"loc":{"start":{"line":59,"column":15},"end":{"line":59,"column":58}},"type":"binary-expr","locations":[{"start":{"line":59,"column":15},"end":{"line":59,"column":36}},{"start":{"line":59,"column":40},"end":{"line":59,"column":58}}],"line":59},"10":{"loc":{"start":{"line":62,"column":15},"end":{"line":62,"column":53}},"type":"binary-expr","locations":[{"start":{"line":62,"column":15},"end":{"line":62,"column":26}},{"start":{"line":62,"column":30},"end":{"line":62,"column":53}}],"line":62},"11":{"loc":{"start":{"line":67,"column":15},"end":{"line":67,"column":65}},"type":"cond-expr","locations":[{"start":{"line":67,"column":39},"end":{"line":67,"column":60}},{"start":{"line":67,"column":63},"end":{"line":67,"column":65}}],"line":67},"12":{"loc":{"start":{"line":70,"column":15},"end":{"line":70,"column":45}},"type":"cond-expr","locations":[{"start":{"line":70,"column":29},"end":{"line":70,"column":40}},{"start":{"line":70,"column":43},"end":{"line":70,"column":45}}],"line":70},"13":{"loc":{"start":{"line":135,"column":13},"end":{"line":144,"column":13}},"type":"binary-expr","locations":[{"start":{"line":135,"column":13},"end":{"line":135,"column":34}},{"start":{"line":136,"column":14},"end":{"line":143,"column":20}}],"line":135},"14":{"loc":{"start":{"line":146,"column":13},"end":{"line":153,"column":13}},"type":"binary-expr","locations":[{"start":{"line":146,"column":13},"end":{"line":146,"column":24}},{"start":{"line":147,"column":14},"end":{"line":152,"column":20}}],"line":146},"15":{"loc":{"start":{"line":176,"column":15},"end":{"line":176,"column":42}},"type":"cond-expr","locations":[{"start":{"line":176,"column":26},"end":{"line":176,"column":32}},{"start":{"line":176,"column":35},"end":{"line":176,"column":42}}],"line":176}},"s":{"0":5,"1":2,"2":1,"3":1,"4":1,"5":1,"6":8,"7":8,"8":1,"9":1,"10":1,"11":5},"f":{"0":2,"1":8},"b":{"0":[1],"1":[1],"2":[1],"3":[1],"4":[1],"5":[1],"6":[1],"7":[1,0],"8":[0,8],"9":[1,0],"10":[1,0],"11":[0,1],"12":[0,1],"13":[1,0],"14":[1,0],"15":[1,0]},"_coverageSchema":"1a1c01bbd47fc00a2c39e90264f33305004495a9","hash":"d563b9ef1dce67438fde0d6de339005e58b490a8"}
,"C:\\Vanita\\Project\\AIS\\AIS-FED-repo\\src\\components\\AddressComponent\\MoreActions.jsx": {"path":"C:\\Vanita\\Project\\AIS\\AIS-FED-repo\\src\\components\\AddressComponent\\MoreActions.jsx","statementMap":{"0":{"start":{"line":14,"column":20},"end":{"line":85,"column":1}},"1":{"start":{"line":15,"column":17},"end":{"line":15,"column":26}},"2":{"start":{"line":16,"column":22},"end":{"line":16,"column":33}},"3":{"start":{"line":17,"column":17},"end":{"line":17,"column":30}},"4":{"start":{"line":18,"column":19},"end":{"line":18,"column":32}},"5":{"start":{"line":19,"column":34},"end":{"line":19,"column":48}},"6":{"start":{"line":21,"column":44},"end":{"line":21,"column":59}},"7":{"start":{"line":22,"column":15},"end":{"line":22,"column":32}},"8":{"start":{"line":24,"column":22},"end":{"line":26,"column":3}},"9":{"start":{"line":25,"column":4},"end":{"line":25,"column":37}},"10":{"start":{"line":28,"column":22},"end":{"line":30,"column":3}},"11":{"start":{"line":29,"column":4},"end":{"line":29,"column":22}},"12":{"start":{"line":31,"column":24},"end":{"line":36,"column":3}},"13":{"start":{"line":32,"column":4},"end":{"line":32,"column":27}},"14":{"start":{"line":33,"column":4},"end":{"line":35,"column":5}},"15":{"start":{"line":34,"column":6},"end":{"line":34,"column":45}},"16":{"start":{"line":37,"column":2},"end":{"line":84,"column":4}},"17":{"start":{"line":51,"column":12},"end":{"line":53,"column":15}},"18":{"start":{"line":54,"column":12},"end":{"line":54,"column":37}},"19":{"start":{"line":62,"column":12},"end":{"line":62,"column":30}},"20":{"start":{"line":63,"column":12},"end":{"line":63,"column":34}},"21":{"start":{"line":87,"column":0},"end":{"line":90,"column":2}}},"fnMap":{"0":{"name":"(anonymous_0)","decl":{"start":{"line":14,"column":20},"end":{"line":14,"column":21}},"loc":{"start":{"line":14,"column":31},"end":{"line":85,"column":1}},"line":14},"1":{"name":"(anonymous_1)","decl":{"start":{"line":24,"column":22},"end":{"line":24,"column":23}},"loc":{"start":{"line":24,"column":33},"end":{"line":26,"column":3}},"line":24},"2":{"name":"(anonymous_2)","decl":{"start":{"line":28,"column":22},"end":{"line":28,"column":23}},"loc":{"start":{"line":28,"column":28},"end":{"line":30,"column":3}},"line":28},"3":{"name":"(anonymous_3)","decl":{"start":{"line":31,"column":24},"end":{"line":31,"column":25}},"loc":{"start":{"line":31,"column":35},"end":{"line":36,"column":3}},"line":31},"4":{"name":"(anonymous_4)","decl":{"start":{"line":50,"column":19},"end":{"line":50,"column":20}},"loc":{"start":{"line":50,"column":25},"end":{"line":55,"column":11}},"line":50},"5":{"name":"(anonymous_5)","decl":{"start":{"line":61,"column":19},"end":{"line":61,"column":20}},"loc":{"start":{"line":61,"column":25},"end":{"line":64,"column":11}},"line":61}},"branchMap":{"0":{"loc":{"start":{"line":33,"column":4},"end":{"line":35,"column":5}},"type":"if","locations":[{"start":{"line":33,"column":4},"end":{"line":35,"column":5}},{"start":{},"end":{}}],"line":33},"1":{"loc":{"start":{"line":70,"column":9},"end":{"line":81,"column":9}},"type":"binary-expr","locations":[{"start":{"line":70,"column":9},"end":{"line":70,"column":23}},{"start":{"line":71,"column":10},"end":{"line":80,"column":12}}],"line":70}},"s":{"0":6,"1":5,"2":5,"3":5,"4":5,"5":5,"6":5,"7":5,"8":5,"9":1,"10":5,"11":0,"12":5,"13":0,"14":0,"15":0,"16":5,"17":1,"18":1,"19":1,"20":1,"21":6},"f":{"0":5,"1":1,"2":0,"3":0,"4":1,"5":1},"b":{"0":[0,0],"1":[5,1]},"_coverageSchema":"1a1c01bbd47fc00a2c39e90264f33305004495a9","hash":"2451687c359a31ce62544dfc9d12d4c6ebe361c0"}
,"C:\\Vanita\\Project\\AIS\\AIS-FED-repo\\src\\components\\AddressComponent\\TextField.jsx": {"path":"C:\\Vanita\\Project\\AIS\\AIS-FED-repo\\src\\components\\AddressComponent\\TextField.jsx","statementMap":{"0":{"start":{"line":15,"column":18},"end":{"line":24,"column":1}},"1":{"start":{"line":26,"column":22},"end":{"line":81,"column":1}},"2":{"start":{"line":37,"column":18},"end":{"line":37,"column":30}},"3":{"start":{"line":38,"column":2},"end":{"line":80,"column":4}},"4":{"start":{"line":83,"column":0},"end":{"line":93,"column":2}}},"fnMap":{"0":{"name":"(anonymous_0)","decl":{"start":{"line":26,"column":22},"end":{"line":26,"column":23}},"loc":{"start":{"line":36,"column":6},"end":{"line":81,"column":1}},"line":36}},"branchMap":{"0":{"loc":{"start":{"line":39,"column":19},"end":{"line":39,"column":37}},"type":"cond-expr","locations":[{"start":{"line":39,"column":31},"end":{"line":39,"column":33}},{"start":{"line":39,"column":36},"end":{"line":39,"column":37}}],"line":39},"1":{"loc":{"start":{"line":39,"column":43},"end":{"line":39,"column":76}},"type":"cond-expr","locations":[{"start":{"line":39,"column":70},"end":{"line":39,"column":71}},{"start":{"line":39,"column":74},"end":{"line":39,"column":76}}],"line":39},"2":{"loc":{"start":{"line":50,"column":21},"end":{"line":50,"column":32}},"type":"binary-expr","locations":[{"start":{"line":50,"column":21},"end":{"line":50,"column":26}},{"start":{"line":50,"column":30},"end":{"line":50,"column":32}}],"line":50},"3":{"loc":{"start":{"line":69,"column":33},"end":{"line":69,"column":65}},"type":"cond-expr","locations":[{"start":{"line":69,"column":47},"end":{"line":69,"column":56}},{"start":{"line":69,"column":59},"end":{"line":69,"column":65}}],"line":69}},"s":{"0":4,"1":4,"2":1021,"3":1021,"4":4},"f":{"0":1021},"b":{"0":[31,990],"1":[480,541],"2":[1021,712],"3":[0,1021]},"_coverageSchema":"1a1c01bbd47fc00a2c39e90264f33305004495a9","hash":"ee9de9508e914ebffa777e12038662fb8461093a"}
,"C:\\Vanita\\Project\\AIS\\AIS-FED-repo\\src\\components\\AddressComponent\\Card\\Actions.jsx": {"path":"C:\\Vanita\\Project\\AIS\\AIS-FED-repo\\src\\components\\AddressComponent\\Card\\Actions.jsx","statementMap":{"0":{"start":{"line":9,"column":28},"end":{"line":33,"column":1}},"1":{"start":{"line":10,"column":18},"end":{"line":10,"column":30}},"2":{"start":{"line":11,"column":19},"end":{"line":11,"column":32}},"3":{"start":{"line":12,"column":2},"end":{"line":32,"column":4}},"4":{"start":{"line":20,"column":12},"end":{"line":25,"column":13}},"5":{"start":{"line":35,"column":0},"end":{"line":41,"column":2}}},"fnMap":{"0":{"name":"(anonymous_0)","decl":{"start":{"line":9,"column":28},"end":{"line":9,"column":29}},"loc":{"start":{"line":9,"column":39},"end":{"line":33,"column":1}},"line":9},"1":{"name":"(anonymous_1)","decl":{"start":{"line":19,"column":19},"end":{"line":19,"column":20}},"loc":{"start":{"line":20,"column":12},"end":{"line":25,"column":13}},"line":20}},"branchMap":{"0":{"loc":{"start":{"line":15,"column":7},"end":{"line":30,"column":7}},"type":"binary-expr","locations":[{"start":{"line":15,"column":7},"end":{"line":15,"column":21}},{"start":{"line":16,"column":8},"end":{"line":29,"column":17}}],"line":15},"1":{"loc":{"start":{"line":18,"column":42},"end":{"line":18,"column":80}},"type":"binary-expr","locations":[{"start":{"line":18,"column":42},"end":{"line":18,"column":59}},{"start":{"line":18,"column":63},"end":{"line":18,"column":80}}],"line":18}},"s":{"0":5,"1":2,"2":2,"3":2,"4":0,"5":5},"f":{"0":2,"1":0},"b":{"0":[2,1],"1":[1,1]},"_coverageSchema":"1a1c01bbd47fc00a2c39e90264f33305004495a9","hash":"5ce987ba221bb3b481b8aa4407f8e5fafdffbb52"}
,"C:\\Vanita\\Project\\AIS\\AIS-FED-repo\\src\\components\\AddressComponent\\Card\\TextWithSVG.jsx": {"path":"C:\\Vanita\\Project\\AIS\\AIS-FED-repo\\src\\components\\AddressComponent\\Card\\TextWithSVG.jsx","statementMap":{"0":{"start":{"line":8,"column":31},"end":{"line":44,"column":1}},"1":{"start":{"line":9,"column":18},"end":{"line":9,"column":30}},"2":{"start":{"line":10,"column":16},"end":{"line":10,"column":26}},"3":{"start":{"line":11,"column":18},"end":{"line":11,"column":59}},"4":{"start":{"line":12,"column":2},"end":{"line":43,"column":4}},"5":{"start":{"line":46,"column":23},"end":{"line":88,"column":1}},"6":{"start":{"line":47,"column":18},"end":{"line":47,"column":30}},"7":{"start":{"line":48,"column":16},"end":{"line":48,"column":26}},"8":{"start":{"line":49,"column":18},"end":{"line":49,"column":59}},"9":{"start":{"line":50,"column":2},"end":{"line":87,"column":4}},"10":{"start":{"line":90,"column":0},"end":{"line":93,"column":1}},"11":{"start":{"line":95,"column":0},"end":{"line":98,"column":1}}},"fnMap":{"0":{"name":"(anonymous_0)","decl":{"start":{"line":8,"column":31},"end":{"line":8,"column":32}},"loc":{"start":{"line":8,"column":42},"end":{"line":44,"column":1}},"line":8},"1":{"name":"(anonymous_1)","decl":{"start":{"line":46,"column":23},"end":{"line":46,"column":24}},"loc":{"start":{"line":46,"column":34},"end":{"line":88,"column":1}},"line":46}},"branchMap":{"0":{"loc":{"start":{"line":13,"column":24},"end":{"line":13,"column":72}},"type":"cond-expr","locations":[{"start":{"line":13,"column":34},"end":{"line":13,"column":52}},{"start":{"line":13,"column":55},"end":{"line":13,"column":72}}],"line":13},"1":{"loc":{"start":{"line":14,"column":7},"end":{"line":41,"column":7}},"type":"binary-expr","locations":[{"start":{"line":14,"column":7},"end":{"line":14,"column":21}},{"start":{"line":15,"column":8},"end":{"line":40,"column":14}}],"line":14},"2":{"loc":{"start":{"line":16,"column":10},"end":{"line":16,"column":47}},"type":"binary-expr","locations":[{"start":{"line":16,"column":10},"end":{"line":16,"column":18}},{"start":{"line":16,"column":22},"end":{"line":16,"column":47}}],"line":16},"3":{"loc":{"start":{"line":51,"column":24},"end":{"line":51,"column":72}},"type":"cond-expr","locations":[{"start":{"line":51,"column":34},"end":{"line":51,"column":52}},{"start":{"line":51,"column":55},"end":{"line":51,"column":72}}],"line":51},"4":{"loc":{"start":{"line":52,"column":7},"end":{"line":85,"column":7}},"type":"binary-expr","locations":[{"start":{"line":52,"column":7},"end":{"line":52,"column":21}},{"start":{"line":53,"column":8},"end":{"line":84,"column":14}}],"line":52},"5":{"loc":{"start":{"line":55,"column":12},"end":{"line":55,"column":49}},"type":"binary-expr","locations":[{"start":{"line":55,"column":12},"end":{"line":55,"column":20}},{"start":{"line":55,"column":24},"end":{"line":55,"column":49}}],"line":55}},"s":{"0":6,"1":3,"2":2,"3":2,"4":2,"5":6,"6":3,"7":2,"8":2,"9":2,"10":6,"11":6},"f":{"0":3,"1":3},"b":{"0":[0,2],"1":[2,1],"2":[1,1],"3":[0,2],"4":[2,0],"5":[0,0]},"_coverageSchema":"1a1c01bbd47fc00a2c39e90264f33305004495a9","hash":"ef17a75e42eac7ed25ccd1e45354a130d44b3639"}
,"C:\\Vanita\\Project\\AIS\\AIS-FED-repo\\src\\components\\AddressComponent\\Card\\UserDetails.jsx": {"path":"C:\\Vanita\\Project\\AIS\\AIS-FED-repo\\src\\components\\AddressComponent\\Card\\UserDetails.jsx","statementMap":{"0":{"start":{"line":5,"column":23},"end":{"line":24,"column":1}},"1":{"start":{"line":6,"column":18},"end":{"line":6,"column":30}},"2":{"start":{"line":18,"column":6},"end":{"line":18,"column":25}},"3":{"start":{"line":19,"column":2},"end":{"line":23,"column":4}},"4":{"start":{"line":26,"column":20},"end":{"line":42,"column":1}},"5":{"start":{"line":27,"column":18},"end":{"line":27,"column":30}},"6":{"start":{"line":28,"column":87},"end":{"line":28,"column":106}},"7":{"start":{"line":29,"column":20},"end":{"line":33,"column":3}},"8":{"start":{"line":30,"column":16},"end":{"line":30,"column":33}},"9":{"start":{"line":31,"column":4},"end":{"line":31,"column":38}},"10":{"start":{"line":32,"column":4},"end":{"line":32,"column":17}},"11":{"start":{"line":34,"column":2},"end":{"line":41,"column":4}},"12":{"start":{"line":44,"column":0},"end":{"line":46,"column":1}},"13":{"start":{"line":48,"column":0},"end":{"line":52,"column":1}}},"fnMap":{"0":{"name":"(anonymous_0)","decl":{"start":{"line":5,"column":23},"end":{"line":5,"column":24}},"loc":{"start":{"line":5,"column":34},"end":{"line":24,"column":1}},"line":5},"1":{"name":"(anonymous_1)","decl":{"start":{"line":26,"column":20},"end":{"line":26,"column":21}},"loc":{"start":{"line":26,"column":31},"end":{"line":42,"column":1}},"line":26},"2":{"name":"(anonymous_2)","decl":{"start":{"line":29,"column":20},"end":{"line":29,"column":21}},"loc":{"start":{"line":29,"column":28},"end":{"line":33,"column":3}},"line":29}},"branchMap":{"0":{"loc":{"start":{"line":8,"column":4},"end":{"line":8,"column":21}},"type":"default-arg","locations":[{"start":{"line":8,"column":19},"end":{"line":8,"column":21}}],"line":8},"1":{"loc":{"start":{"line":9,"column":4},"end":{"line":9,"column":12}},"type":"default-arg","locations":[{"start":{"line":9,"column":10},"end":{"line":9,"column":12}}],"line":9},"2":{"loc":{"start":{"line":10,"column":4},"end":{"line":10,"column":16}},"type":"default-arg","locations":[{"start":{"line":10,"column":14},"end":{"line":10,"column":16}}],"line":10},"3":{"loc":{"start":{"line":11,"column":4},"end":{"line":11,"column":17}},"type":"default-arg","locations":[{"start":{"line":11,"column":15},"end":{"line":11,"column":17}}],"line":11},"4":{"loc":{"start":{"line":12,"column":4},"end":{"line":12,"column":21}},"type":"default-arg","locations":[{"start":{"line":12,"column":19},"end":{"line":12,"column":21}}],"line":12},"5":{"loc":{"start":{"line":13,"column":4},"end":{"line":13,"column":13}},"type":"default-arg","locations":[{"start":{"line":13,"column":11},"end":{"line":13,"column":13}}],"line":13},"6":{"loc":{"start":{"line":14,"column":4},"end":{"line":14,"column":12}},"type":"default-arg","locations":[{"start":{"line":14,"column":10},"end":{"line":14,"column":12}}],"line":14},"7":{"loc":{"start":{"line":15,"column":4},"end":{"line":15,"column":15}},"type":"default-arg","locations":[{"start":{"line":15,"column":13},"end":{"line":15,"column":15}}],"line":15},"8":{"loc":{"start":{"line":16,"column":4},"end":{"line":16,"column":20}},"type":"default-arg","locations":[{"start":{"line":16,"column":18},"end":{"line":16,"column":20}}],"line":16},"9":{"loc":{"start":{"line":17,"column":4},"end":{"line":17,"column":17}},"type":"default-arg","locations":[{"start":{"line":17,"column":15},"end":{"line":17,"column":17}}],"line":17},"10":{"loc":{"start":{"line":18,"column":6},"end":{"line":18,"column":25}},"type":"binary-expr","locations":[{"start":{"line":18,"column":6},"end":{"line":18,"column":19}},{"start":{"line":18,"column":23},"end":{"line":18,"column":25}}],"line":18},"11":{"loc":{"start":{"line":28,"column":10},"end":{"line":28,"column":31}},"type":"default-arg","locations":[{"start":{"line":28,"column":29},"end":{"line":28,"column":31}}],"line":28},"12":{"loc":{"start":{"line":28,"column":33},"end":{"line":28,"column":46}},"type":"default-arg","locations":[{"start":{"line":28,"column":44},"end":{"line":28,"column":46}}],"line":28},"13":{"loc":{"start":{"line":28,"column":49},"end":{"line":28,"column":61}},"type":"default-arg","locations":[{"start":{"line":28,"column":59},"end":{"line":28,"column":61}}],"line":28},"14":{"loc":{"start":{"line":28,"column":63},"end":{"line":28,"column":82}},"type":"default-arg","locations":[{"start":{"line":28,"column":80},"end":{"line":28,"column":82}}],"line":28},"15":{"loc":{"start":{"line":28,"column":87},"end":{"line":28,"column":106}},"type":"binary-expr","locations":[{"start":{"line":28,"column":87},"end":{"line":28,"column":100}},{"start":{"line":28,"column":104},"end":{"line":28,"column":106}}],"line":28},"16":{"loc":{"start":{"line":31,"column":12},"end":{"line":31,"column":37}},"type":"cond-expr","locations":[{"start":{"line":31,"column":20},"end":{"line":31,"column":25}},{"start":{"line":31,"column":28},"end":{"line":31,"column":37}}],"line":31},"17":{"loc":{"start":{"line":35,"column":49},"end":{"line":35,"column":94}},"type":"binary-expr","locations":[{"start":{"line":35,"column":49},"end":{"line":35,"column":64}},{"start":{"line":35,"column":68},"end":{"line":35,"column":94}}],"line":35},"18":{"loc":{"start":{"line":37,"column":7},"end":{"line":38,"column":22}},"type":"cond-expr","locations":[{"start":{"line":37,"column":57},"end":{"line":37,"column":83}},{"start":{"line":38,"column":8},"end":{"line":38,"column":22}}],"line":37}},"s":{"0":6,"1":2,"2":2,"3":2,"4":6,"5":2,"6":2,"7":2,"8":2,"9":2,"10":2,"11":2,"12":6,"13":6},"f":{"0":2,"1":2,"2":2},"b":{"0":[2],"1":[2],"2":[2],"3":[2],"4":[2],"5":[2],"6":[2],"7":[2],"8":[2],"9":[2],"10":[2,1],"11":[2],"12":[2],"13":[2],"14":[2],"15":[2,1],"16":[0,2],"17":[2,1],"18":[0,2]},"_coverageSchema":"1a1c01bbd47fc00a2c39e90264f33305004495a9","hash":"73461b51c6039a450399db362c89336e39508576"}
,"C:\\Vanita\\Project\\AIS\\AIS-FED-repo\\src\\components\\CompareComponent\\CompareStickyBar\\CompareStickyBar.jsx": {"path":"C:\\Vanita\\Project\\AIS\\AIS-FED-repo\\src\\components\\CompareComponent\\CompareStickyBar\\CompareStickyBar.jsx","statementMap":{"0":{"start":{"line":12,"column":4},"end":{"line":20,"column":6}}},"fnMap":{"0":{"name":"CompareStickyBar","decl":{"start":{"line":10,"column":24},"end":{"line":10,"column":40}},"loc":{"start":{"line":10,"column":48},"end":{"line":21,"column":1}},"line":10}},"branchMap":{},"s":{"0":0},"f":{"0":0},"b":{}}
,"C:\\Vanita\\Project\\AIS\\AIS-FED-repo\\src\\components\\CouponComponent\\CouponCard.jsx": {"path":"C:\\Vanita\\Project\\AIS\\AIS-FED-repo\\src\\components\\CouponComponent\\CouponCard.jsx","statementMap":{"0":{"start":{"line":11,"column":2},"end":{"line":22,"column":4}},"1":{"start":{"line":25,"column":19},"end":{"line":34,"column":3}},"2":{"start":{"line":26,"column":31},"end":{"line":26,"column":36}},"3":{"start":{"line":27,"column":2},"end":{"line":27,"column":34}},"4":{"start":{"line":28,"column":27},"end":{"line":34,"column":1}},"5":{"start":{"line":37,"column":21},"end":{"line":37,"column":34}},"6":{"start":{"line":38,"column":18},"end":{"line":38,"column":28}},"7":{"start":{"line":39,"column":34},"end":{"line":39,"column":55}},"8":{"start":{"line":41,"column":28},"end":{"line":43,"column":3}},"9":{"start":{"line":42,"column":4},"end":{"line":42,"column":27}},"10":{"start":{"line":45,"column":2},"end":{"line":78,"column":4}},"11":{"start":{"line":81,"column":0},"end":{"line":83,"column":1}}},"fnMap":{"0":{"name":"ArrowIcon","decl":{"start":{"line":10,"column":9},"end":{"line":10,"column":18}},"loc":{"start":{"line":10,"column":26},"end":{"line":23,"column":1}},"line":10},"1":{"name":"(anonymous_1)","decl":{"start":{"line":25,"column":26},"end":{"line":25,"column":27}},"loc":{"start":{"line":25,"column":37},"end":{"line":28,"column":1}},"line":25},"2":{"name":"(anonymous_2)","decl":{"start":{"line":28,"column":3},"end":{"line":28,"column":4}},"loc":{"start":{"line":28,"column":27},"end":{"line":34,"column":1}},"line":28},"3":{"name":"CouponCard","decl":{"start":{"line":36,"column":24},"end":{"line":36,"column":34}},"loc":{"start":{"line":36,"column":42},"end":{"line":79,"column":1}},"line":36},"4":{"name":"(anonymous_4)","decl":{"start":{"line":41,"column":28},"end":{"line":41,"column":29}},"loc":{"start":{"line":41,"column":34},"end":{"line":43,"column":3}},"line":41}},"branchMap":{"0":{"loc":{"start":{"line":29,"column":13},"end":{"line":29,"column":56}},"type":"cond-expr","locations":[{"start":{"line":29,"column":23},"end":{"line":29,"column":37}},{"start":{"line":29,"column":40},"end":{"line":29,"column":56}}],"line":29},"1":{"loc":{"start":{"line":47,"column":42},"end":{"line":47,"column":130}},"type":"cond-expr","locations":[{"start":{"line":47,"column":110},"end":{"line":47,"column":125}},{"start":{"line":47,"column":128},"end":{"line":47,"column":130}}],"line":47},"2":{"loc":{"start":{"line":47,"column":42},"end":{"line":47,"column":107}},"type":"binary-expr","locations":[{"start":{"line":47,"column":42},"end":{"line":47,"column":71}},{"start":{"line":47,"column":75},"end":{"line":47,"column":107}}],"line":47},"3":{"loc":{"start":{"line":54,"column":60},"end":{"line":54,"column":142}},"type":"cond-expr","locations":[{"start":{"line":54,"column":94},"end":{"line":54,"column":116}},{"start":{"line":54,"column":119},"end":{"line":54,"column":142}}],"line":54},"4":{"loc":{"start":{"line":62,"column":57},"end":{"line":62,"column":154}},"type":"cond-expr","locations":[{"start":{"line":62,"column":125},"end":{"line":62,"column":149}},{"start":{"line":62,"column":152},"end":{"line":62,"column":154}}],"line":62},"5":{"loc":{"start":{"line":62,"column":57},"end":{"line":62,"column":122}},"type":"binary-expr","locations":[{"start":{"line":62,"column":57},"end":{"line":62,"column":86}},{"start":{"line":62,"column":90},"end":{"line":62,"column":122}}],"line":62}},"s":{"0":1,"1":5,"2":1,"3":1,"4":1,"5":1,"6":1,"7":1,"8":1,"9":0,"10":1,"11":5},"f":{"0":1,"1":1,"2":1,"3":1,"4":0},"b":{"0":[1,0],"1":[0,1],"2":[1,1],"3":[1,0],"4":[0,1],"5":[1,1]},"_coverageSchema":"1a1c01bbd47fc00a2c39e90264f33305004495a9","hash":"de00d26cdd370fc8be8a527d658499945296eb9d"}
,"C:\\Vanita\\Project\\AIS\\AIS-FED-repo\\src\\components\\CouponComponent\\CouponWalletTab.jsx": {"path":"C:\\Vanita\\Project\\AIS\\AIS-FED-repo\\src\\components\\CouponComponent\\CouponWalletTab.jsx","statementMap":{"0":{"start":{"line":12,"column":18},"end":{"line":12,"column":28}},"1":{"start":{"line":13,"column":45},"end":{"line":13,"column":50}},"2":{"start":{"line":14,"column":2},"end":{"line":26,"column":4}},"3":{"start":{"line":19,"column":12},"end":{"line":21,"column":19}},"4":{"start":{"line":29,"column":0},"end":{"line":34,"column":1}},"5":{"start":{"line":37,"column":19},"end":{"line":37,"column":32}},"6":{"start":{"line":38,"column":18},"end":{"line":38,"column":28}},"7":{"start":{"line":39,"column":36},"end":{"line":39,"column":47}},"8":{"start":{"line":40,"column":17},"end":{"line":40,"column":59}},"9":{"start":{"line":41,"column":14},"end":{"line":41,"column":60}},"10":{"start":{"line":42,"column":23},"end":{"line":44,"column":3}},"11":{"start":{"line":43,"column":4},"end":{"line":43,"column":27}},"12":{"start":{"line":46,"column":25},"end":{"line":46,"column":68}},"13":{"start":{"line":46,"column":46},"end":{"line":46,"column":67}},"14":{"start":{"line":47,"column":23},"end":{"line":47,"column":64}},"15":{"start":{"line":47,"column":44},"end":{"line":47,"column":63}},"16":{"start":{"line":48,"column":26},"end":{"line":48,"column":70}},"17":{"start":{"line":48,"column":47},"end":{"line":48,"column":69}},"18":{"start":{"line":50,"column":2},"end":{"line":52,"column":17}},"19":{"start":{"line":51,"column":4},"end":{"line":51,"column":32}},"20":{"start":{"line":54,"column":2},"end":{"line":79,"column":4}},"21":{"start":{"line":82,"column":0},"end":{"line":84,"column":1}}},"fnMap":{"0":{"name":"TabPanel","decl":{"start":{"line":11,"column":9},"end":{"line":11,"column":17}},"loc":{"start":{"line":11,"column":25},"end":{"line":27,"column":1}},"line":11},"1":{"name":"(anonymous_1)","decl":{"start":{"line":18,"column":27},"end":{"line":18,"column":28}},"loc":{"start":{"line":19,"column":12},"end":{"line":21,"column":19}},"line":19},"2":{"name":"CouponWalletTab","decl":{"start":{"line":36,"column":24},"end":{"line":36,"column":39}},"loc":{"start":{"line":36,"column":47},"end":{"line":80,"column":1}},"line":36},"3":{"name":"(anonymous_3)","decl":{"start":{"line":42,"column":23},"end":{"line":42,"column":24}},"loc":{"start":{"line":42,"column":47},"end":{"line":44,"column":3}},"line":42},"4":{"name":"(anonymous_4)","decl":{"start":{"line":46,"column":39},"end":{"line":46,"column":40}},"loc":{"start":{"line":46,"column":46},"end":{"line":46,"column":67}},"line":46},"5":{"name":"(anonymous_5)","decl":{"start":{"line":47,"column":37},"end":{"line":47,"column":38}},"loc":{"start":{"line":47,"column":44},"end":{"line":47,"column":63}},"line":47},"6":{"name":"(anonymous_6)","decl":{"start":{"line":48,"column":40},"end":{"line":48,"column":41}},"loc":{"start":{"line":48,"column":47},"end":{"line":48,"column":69}},"line":48},"7":{"name":"(anonymous_7)","decl":{"start":{"line":50,"column":12},"end":{"line":50,"column":13}},"loc":{"start":{"line":50,"column":18},"end":{"line":52,"column":3}},"line":50}},"branchMap":{"0":{"loc":{"start":{"line":16,"column":7},"end":{"line":24,"column":7}},"type":"binary-expr","locations":[{"start":{"line":16,"column":7},"end":{"line":16,"column":22}},{"start":{"line":17,"column":8},"end":{"line":23,"column":15}}],"line":16}},"s":{"0":9,"1":9,"2":9,"3":0,"4":4,"5":3,"6":3,"7":3,"8":3,"9":3,"10":3,"11":1,"12":3,"13":0,"14":3,"15":0,"16":3,"17":0,"18":3,"19":2,"20":3,"21":4},"f":{"0":9,"1":0,"2":3,"3":1,"4":0,"5":0,"6":0,"7":2},"b":{"0":[9,3]},"_coverageSchema":"1a1c01bbd47fc00a2c39e90264f33305004495a9","hash":"a5d535eaa37858eca9c6aa3c73c7c413f9077816"}
,"C:\\Vanita\\Project\\AIS\\AIS-FED-repo\\src\\components\\PLPComponent\\FilterAndSort.jsx": {"path":"C:\\Vanita\\Project\\AIS\\AIS-FED-repo\\src\\components\\PLPComponent\\FilterAndSort.jsx","statementMap":{"0":{"start":{"line":11,"column":19},"end":{"line":11,"column":32}},"1":{"start":{"line":12,"column":20},"end":{"line":12,"column":31}},"2":{"start":{"line":13,"column":23},"end":{"line":13,"column":50}},"3":{"start":{"line":14,"column":23},"end":{"line":14,"column":50}},"4":{"start":{"line":29,"column":6},"end":{"line":29,"column":11}},"5":{"start":{"line":30,"column":22},"end":{"line":33,"column":3}},"6":{"start":{"line":35,"column":2},"end":{"line":38,"column":17}},"7":{"start":{"line":36,"column":4},"end":{"line":36,"column":37}},"8":{"start":{"line":37,"column":4},"end":{"line":37,"column":51}},"9":{"start":{"line":40,"column":2},"end":{"line":63,"column":4}},"10":{"start":{"line":66,"column":0},"end":{"line":81,"column":2}},"11":{"start":{"line":83,"column":0},"end":{"line":85,"column":2}}},"fnMap":{"0":{"name":"FilterAndSort","decl":{"start":{"line":10,"column":24},"end":{"line":10,"column":37}},"loc":{"start":{"line":10,"column":45},"end":{"line":64,"column":1}},"line":10},"1":{"name":"(anonymous_1)","decl":{"start":{"line":35,"column":12},"end":{"line":35,"column":13}},"loc":{"start":{"line":35,"column":18},"end":{"line":38,"column":3}},"line":35}},"branchMap":{},"s":{"0":1,"1":1,"2":1,"3":1,"4":1,"5":1,"6":1,"7":1,"8":1,"9":1,"10":3,"11":3},"f":{"0":1,"1":1},"b":{},"_coverageSchema":"1a1c01bbd47fc00a2c39e90264f33305004495a9","hash":"6e1890cfb096d855589afe09fbbfe10c7e87ae09"}
,"C:\\Vanita\\Project\\AIS\\AIS-FED-repo\\src\\components\\PLPComponent\\Filter\\BrandDropDown.jsx": {"path":"C:\\Vanita\\Project\\AIS\\AIS-FED-repo\\src\\components\\PLPComponent\\Filter\\BrandDropDown.jsx","statementMap":{"0":{"start":{"line":6,"column":22},"end":{"line":36,"column":1}},"1":{"start":{"line":7,"column":58},"end":{"line":7,"column":63}},"2":{"start":{"line":8,"column":22},"end":{"line":8,"column":33}},"3":{"start":{"line":10,"column":2},"end":{"line":35,"column":4}},"4":{"start":{"line":19,"column":12},"end":{"line":19,"column":72}},"5":{"start":{"line":23,"column":12},"end":{"line":30,"column":23}},"6":{"start":{"line":38,"column":0},"end":{"line":43,"column":2}},"7":{"start":{"line":45,"column":0},"end":{"line":47,"column":2}}},"fnMap":{"0":{"name":"(anonymous_0)","decl":{"start":{"line":6,"column":22},"end":{"line":6,"column":23}},"loc":{"start":{"line":6,"column":33},"end":{"line":36,"column":1}},"line":6},"1":{"name":"(anonymous_1)","decl":{"start":{"line":18,"column":20},"end":{"line":18,"column":21}},"loc":{"start":{"line":19,"column":12},"end":{"line":19,"column":72}},"line":19},"2":{"name":"(anonymous_2)","decl":{"start":{"line":22,"column":28},"end":{"line":22,"column":29}},"loc":{"start":{"line":23,"column":12},"end":{"line":30,"column":23}},"line":23}},"branchMap":{"0":{"loc":{"start":{"line":17,"column":17},"end":{"line":17,"column":64}},"type":"cond-expr","locations":[{"start":{"line":17,"column":37},"end":{"line":17,"column":59}},{"start":{"line":17,"column":62},"end":{"line":17,"column":64}}],"line":17}},"s":{"0":5,"1":3,"2":3,"3":3,"4":1,"5":15,"6":5,"7":5},"f":{"0":3,"1":1,"2":15},"b":{"0":[0,3]},"_coverageSchema":"1a1c01bbd47fc00a2c39e90264f33305004495a9","hash":"caca8b8427c4dc7a89a19fe27258c023e40bad87"}
,"C:\\Vanita\\Project\\AIS\\AIS-FED-repo\\src\\components\\PLPComponent\\Filter\\Filter.jsx": {"path":"C:\\Vanita\\Project\\AIS\\AIS-FED-repo\\src\\components\\PLPComponent\\Filter\\Filter.jsx","statementMap":{"0":{"start":{"line":10,"column":15},"end":{"line":134,"column":1}},"1":{"start":{"line":11,"column":18},"end":{"line":11,"column":28}},"2":{"start":{"line":12,"column":156},"end":{"line":12,"column":161}},"3":{"start":{"line":14,"column":23},"end":{"line":17,"column":3}},"4":{"start":{"line":15,"column":4},"end":{"line":15,"column":23}},"5":{"start":{"line":16,"column":4},"end":{"line":16,"column":102}},"6":{"start":{"line":19,"column":28},"end":{"line":27,"column":3}},"7":{"start":{"line":20,"column":19},"end":{"line":20,"column":24}},"8":{"start":{"line":21,"column":16},"end":{"line":21,"column":42}},"9":{"start":{"line":22,"column":4},"end":{"line":22,"column":28}},"10":{"start":{"line":23,"column":4},"end":{"line":25,"column":5}},"11":{"start":{"line":24,"column":6},"end":{"line":24,"column":43}},"12":{"start":{"line":26,"column":4},"end":{"line":26,"column":34}},"13":{"start":{"line":29,"column":21},"end":{"line":31,"column":3}},"14":{"start":{"line":30,"column":4},"end":{"line":30,"column":47}},"15":{"start":{"line":32,"column":24},"end":{"line":39,"column":3}},"16":{"start":{"line":33,"column":16},"end":{"line":33,"column":17}},"17":{"start":{"line":34,"column":4},"end":{"line":34,"column":35}},"18":{"start":{"line":34,"column":27},"end":{"line":34,"column":35}},"19":{"start":{"line":35,"column":4},"end":{"line":35,"column":45}},"20":{"start":{"line":35,"column":37},"end":{"line":35,"column":45}},"21":{"start":{"line":36,"column":4},"end":{"line":36,"column":76}},"22":{"start":{"line":36,"column":68},"end":{"line":36,"column":76}},"23":{"start":{"line":37,"column":4},"end":{"line":38,"column":21}},"24":{"start":{"line":37,"column":21},"end":{"line":37,"column":53}},"25":{"start":{"line":38,"column":9},"end":{"line":38,"column":21}},"26":{"start":{"line":41,"column":2},"end":{"line":133,"column":4}},"27":{"start":{"line":43,"column":90},"end":{"line":43,"column":112}},"28":{"start":{"line":61,"column":124},"end":{"line":61,"column":187}},"29":{"start":{"line":63,"column":22},"end":{"line":65,"column":33}},"30":{"start":{"line":74,"column":92},"end":{"line":74,"column":104}},"31":{"start":{"line":97,"column":41},"end":{"line":97,"column":64}},"32":{"start":{"line":112,"column":41},"end":{"line":112,"column":64}},"33":{"start":{"line":136,"column":0},"end":{"line":148,"column":2}}},"fnMap":{"0":{"name":"(anonymous_0)","decl":{"start":{"line":10,"column":15},"end":{"line":10,"column":16}},"loc":{"start":{"line":10,"column":26},"end":{"line":134,"column":1}},"line":10},"1":{"name":"(anonymous_1)","decl":{"start":{"line":14,"column":23},"end":{"line":14,"column":24}},"loc":{"start":{"line":14,"column":44},"end":{"line":17,"column":3}},"line":14},"2":{"name":"(anonymous_2)","decl":{"start":{"line":19,"column":28},"end":{"line":19,"column":29}},"loc":{"start":{"line":19,"column":46},"end":{"line":27,"column":3}},"line":19},"3":{"name":"(anonymous_3)","decl":{"start":{"line":29,"column":21},"end":{"line":29,"column":22}},"loc":{"start":{"line":29,"column":27},"end":{"line":31,"column":3}},"line":29},"4":{"name":"(anonymous_4)","decl":{"start":{"line":32,"column":24},"end":{"line":32,"column":25}},"loc":{"start":{"line":32,"column":30},"end":{"line":39,"column":3}},"line":32},"5":{"name":"(anonymous_5)","decl":{"start":{"line":43,"column":84},"end":{"line":43,"column":85}},"loc":{"start":{"line":43,"column":90},"end":{"line":43,"column":112}},"line":43},"6":{"name":"(anonymous_6)","decl":{"start":{"line":61,"column":117},"end":{"line":61,"column":118}},"loc":{"start":{"line":61,"column":124},"end":{"line":61,"column":187}},"line":61},"7":{"name":"(anonymous_7)","decl":{"start":{"line":62,"column":48},"end":{"line":62,"column":49}},"loc":{"start":{"line":63,"column":22},"end":{"line":65,"column":33}},"line":63},"8":{"name":"(anonymous_8)","decl":{"start":{"line":74,"column":86},"end":{"line":74,"column":87}},"loc":{"start":{"line":74,"column":92},"end":{"line":74,"column":104}},"line":74},"9":{"name":"(anonymous_9)","decl":{"start":{"line":97,"column":34},"end":{"line":97,"column":35}},"loc":{"start":{"line":97,"column":41},"end":{"line":97,"column":64}},"line":97},"10":{"name":"(anonymous_10)","decl":{"start":{"line":112,"column":34},"end":{"line":112,"column":35}},"loc":{"start":{"line":112,"column":41},"end":{"line":112,"column":64}},"line":112}},"branchMap":{"0":{"loc":{"start":{"line":23,"column":4},"end":{"line":25,"column":5}},"type":"if","locations":[{"start":{"line":23,"column":4},"end":{"line":25,"column":5}},{"start":{},"end":{}}],"line":23},"1":{"loc":{"start":{"line":34,"column":4},"end":{"line":34,"column":35}},"type":"if","locations":[{"start":{"line":34,"column":4},"end":{"line":34,"column":35}},{"start":{},"end":{}}],"line":34},"2":{"loc":{"start":{"line":35,"column":4},"end":{"line":35,"column":45}},"type":"if","locations":[{"start":{"line":35,"column":4},"end":{"line":35,"column":45}},{"start":{},"end":{}}],"line":35},"3":{"loc":{"start":{"line":36,"column":4},"end":{"line":36,"column":76}},"type":"if","locations":[{"start":{"line":36,"column":4},"end":{"line":36,"column":76}},{"start":{},"end":{}}],"line":36},"4":{"loc":{"start":{"line":36,"column":8},"end":{"line":36,"column":66}},"type":"binary-expr","locations":[{"start":{"line":36,"column":8},"end":{"line":36,"column":35}},{"start":{"line":36,"column":39},"end":{"line":36,"column":66}}],"line":36},"5":{"loc":{"start":{"line":37,"column":4},"end":{"line":38,"column":21}},"type":"if","locations":[{"start":{"line":37,"column":4},"end":{"line":38,"column":21}},{"start":{"line":38,"column":9},"end":{"line":38,"column":21}}],"line":37},"6":{"loc":{"start":{"line":43,"column":45},"end":{"line":43,"column":72}},"type":"cond-expr","locations":[{"start":{"line":43,"column":56},"end":{"line":43,"column":64}},{"start":{"line":43,"column":67},"end":{"line":43,"column":72}}],"line":43},"7":{"loc":{"start":{"line":61,"column":52},"end":{"line":61,"column":105}},"type":"cond-expr","locations":[{"start":{"line":61,"column":75},"end":{"line":61,"column":100}},{"start":{"line":61,"column":103},"end":{"line":61,"column":105}}],"line":61},"8":{"loc":{"start":{"line":94,"column":31},"end":{"line":94,"column":74}},"type":"cond-expr","locations":[{"start":{"line":94,"column":61},"end":{"line":94,"column":69}},{"start":{"line":94,"column":72},"end":{"line":94,"column":74}}],"line":94},"9":{"loc":{"start":{"line":109,"column":31},"end":{"line":109,"column":74}},"type":"cond-expr","locations":[{"start":{"line":109,"column":61},"end":{"line":109,"column":69}},{"start":{"line":109,"column":72},"end":{"line":109,"column":74}}],"line":109}},"s":{"0":4,"1":2,"2":2,"3":2,"4":3,"5":3,"6":2,"7":2,"8":2,"9":2,"10":2,"11":0,"12":2,"13":2,"14":1,"15":2,"16":2,"17":2,"18":0,"19":2,"20":0,"21":2,"22":0,"23":2,"24":0,"25":2,"26":2,"27":1,"28":1,"29":4,"30":1,"31":1,"32":1,"33":4},"f":{"0":2,"1":3,"2":2,"3":1,"4":2,"5":1,"6":1,"7":4,"8":1,"9":1,"10":1},"b":{"0":[0,2],"1":[0,2],"2":[0,2],"3":[0,2],"4":[2,2],"5":[0,2],"6":[1,1],"7":[0,2],"8":[0,2],"9":[0,2]},"_coverageSchema":"1a1c01bbd47fc00a2c39e90264f33305004495a9","hash":"cb580a30798e91eb2230641b4a5775315625942e"}
,"C:\\Vanita\\Project\\AIS\\AIS-FED-repo\\src\\components\\PLPComponent\\Pagination\\Pagination.jsx": {"path":"C:\\Vanita\\Project\\AIS\\AIS-FED-repo\\src\\components\\PLPComponent\\Pagination\\Pagination.jsx","statementMap":{"0":{"start":{"line":10,"column":4},"end":{"line":12,"column":5}},"1":{"start":{"line":11,"column":6},"end":{"line":11,"column":43}},"2":{"start":{"line":11,"column":33},"end":{"line":11,"column":41}},"3":{"start":{"line":16,"column":4},"end":{"line":16,"column":41}},"4":{"start":{"line":16,"column":31},"end":{"line":16,"column":39}},"5":{"start":{"line":20,"column":23},"end":{"line":20,"column":55}},"6":{"start":{"line":21,"column":4},"end":{"line":21,"column":33}},"7":{"start":{"line":24,"column":29},"end":{"line":34,"column":3}},"8":{"start":{"line":25,"column":16},"end":{"line":25,"column":65}},"9":{"start":{"line":26,"column":25},"end":{"line":26,"column":94}},"10":{"start":{"line":27,"column":4},"end":{"line":30,"column":5}},"11":{"start":{"line":28,"column":6},"end":{"line":28,"column":51}},"12":{"start":{"line":29,"column":6},"end":{"line":29,"column":33}},"13":{"start":{"line":33,"column":4},"end":{"line":33,"column":77}},"14":{"start":{"line":33,"column":60},"end":{"line":33,"column":75}},"15":{"start":{"line":36,"column":2},"end":{"line":41,"column":16}},"16":{"start":{"line":37,"column":20},"end":{"line":37,"column":40}},"17":{"start":{"line":38,"column":4},"end":{"line":40,"column":5}},"18":{"start":{"line":39,"column":6},"end":{"line":39,"column":24}},"19":{"start":{"line":42,"column":2},"end":{"line":64,"column":4}},"20":{"start":{"line":49,"column":10},"end":{"line":51,"column":19}},"21":{"start":{"line":67,"column":0},"end":{"line":75,"column":2}}},"fnMap":{"0":{"name":"Pagination","decl":{"start":{"line":7,"column":24},"end":{"line":7,"column":34}},"loc":{"start":{"line":7,"column":139},"end":{"line":65,"column":1}},"line":7},"1":{"name":"goToNextPage","decl":{"start":{"line":9,"column":11},"end":{"line":9,"column":23}},"loc":{"start":{"line":9,"column":26},"end":{"line":13,"column":3}},"line":9},"2":{"name":"(anonymous_2)","decl":{"start":{"line":11,"column":23},"end":{"line":11,"column":24}},"loc":{"start":{"line":11,"column":33},"end":{"line":11,"column":41}},"line":11},"3":{"name":"goToPreviousPage","decl":{"start":{"line":15,"column":11},"end":{"line":15,"column":27}},"loc":{"start":{"line":15,"column":30},"end":{"line":17,"column":3}},"line":15},"4":{"name":"(anonymous_4)","decl":{"start":{"line":16,"column":21},"end":{"line":16,"column":22}},"loc":{"start":{"line":16,"column":31},"end":{"line":16,"column":39}},"line":16},"5":{"name":"changePage","decl":{"start":{"line":19,"column":11},"end":{"line":19,"column":21}},"loc":{"start":{"line":19,"column":29},"end":{"line":22,"column":3}},"line":19},"6":{"name":"(anonymous_6)","decl":{"start":{"line":24,"column":29},"end":{"line":24,"column":30}},"loc":{"start":{"line":24,"column":35},"end":{"line":34,"column":3}},"line":24},"7":{"name":"(anonymous_7)","decl":{"start":{"line":33,"column":48},"end":{"line":33,"column":49}},"loc":{"start":{"line":33,"column":60},"end":{"line":33,"column":75}},"line":33},"8":{"name":"(anonymous_8)","decl":{"start":{"line":36,"column":12},"end":{"line":36,"column":13}},"loc":{"start":{"line":36,"column":18},"end":{"line":41,"column":3}},"line":36},"9":{"name":"(anonymous_9)","decl":{"start":{"line":48,"column":34},"end":{"line":48,"column":35}},"loc":{"start":{"line":49,"column":10},"end":{"line":51,"column":19}},"line":49}},"branchMap":{"0":{"loc":{"start":{"line":10,"column":4},"end":{"line":12,"column":5}},"type":"if","locations":[{"start":{"line":10,"column":4},"end":{"line":12,"column":5}},{"start":{},"end":{}}],"line":10},"1":{"loc":{"start":{"line":26,"column":25},"end":{"line":26,"column":94}},"type":"cond-expr","locations":[{"start":{"line":26,"column":61},"end":{"line":26,"column":70}},{"start":{"line":26,"column":73},"end":{"line":26,"column":94}}],"line":26},"2":{"loc":{"start":{"line":27,"column":4},"end":{"line":30,"column":5}},"type":"if","locations":[{"start":{"line":27,"column":4},"end":{"line":30,"column":5}},{"start":{},"end":{}}],"line":27},"3":{"loc":{"start":{"line":38,"column":4},"end":{"line":40,"column":5}},"type":"if","locations":[{"start":{"line":38,"column":4},"end":{"line":40,"column":5}},{"start":{},"end":{}}],"line":38},"4":{"loc":{"start":{"line":38,"column":8},"end":{"line":38,"column":129}},"type":"binary-expr","locations":[{"start":{"line":38,"column":8},"end":{"line":38,"column":51}},{"start":{"line":38,"column":55},"end":{"line":38,"column":82}},{"start":{"line":38,"column":86},"end":{"line":38,"column":107}},{"start":{"line":38,"column":111},"end":{"line":38,"column":129}}],"line":38},"5":{"loc":{"start":{"line":45,"column":80},"end":{"line":45,"column":126}},"type":"cond-expr","locations":[{"start":{"line":45,"column":96},"end":{"line":45,"column":121}},{"start":{"line":45,"column":124},"end":{"line":45,"column":126}}],"line":45},"6":{"loc":{"start":{"line":49,"column":100},"end":{"line":49,"column":147}},"type":"cond-expr","locations":[{"start":{"line":49,"column":119},"end":{"line":49,"column":142}},{"start":{"line":49,"column":145},"end":{"line":49,"column":147}}],"line":49},"7":{"loc":{"start":{"line":57,"column":50},"end":{"line":57,"column":107}},"type":"cond-expr","locations":[{"start":{"line":57,"column":77},"end":{"line":57,"column":102}},{"start":{"line":57,"column":105},"end":{"line":57,"column":107}}],"line":57}},"s":{"0":0,"1":0,"2":0,"3":0,"4":0,"5":0,"6":0,"7":0,"8":0,"9":0,"10":0,"11":0,"12":0,"13":0,"14":0,"15":0,"16":0,"17":0,"18":0,"19":0,"20":0,"21":1},"f":{"0":0,"1":0,"2":0,"3":0,"4":0,"5":0,"6":0,"7":0,"8":0,"9":0},"b":{"0":[0,0],"1":[0,0],"2":[0,0],"3":[0,0],"4":[0,0,0,0],"5":[0,0],"6":[0,0],"7":[0,0]},"_coverageSchema":"1a1c01bbd47fc00a2c39e90264f33305004495a9","hash":"9a8173e80d27893dd1bdb7ca9a5b1e752936cdac"}
,"C:\\Vanita\\Project\\AIS\\AIS-FED-repo\\src\\components\\PLPComponent\\Tabs\\PLPTabPanel.jsx": {"path":"C:\\Vanita\\Project\\AIS\\AIS-FED-repo\\src\\components\\PLPComponent\\Tabs\\PLPTabPanel.jsx","statementMap":{"0":{"start":{"line":8,"column":21},"end":{"line":8,"column":65}},"1":{"start":{"line":9,"column":41},"end":{"line":9,"column":46}},"2":{"start":{"line":10,"column":2},"end":{"line":22,"column":4}},"3":{"start":{"line":15,"column":12},"end":{"line":17,"column":19}},"4":{"start":{"line":25,"column":0},"end":{"line":29,"column":1}}},"fnMap":{"0":{"name":"PLPTabPanel","decl":{"start":{"line":7,"column":24},"end":{"line":7,"column":35}},"loc":{"start":{"line":7,"column":43},"end":{"line":23,"column":1}},"line":7},"1":{"name":"(anonymous_1)","decl":{"start":{"line":14,"column":21},"end":{"line":14,"column":22}},"loc":{"start":{"line":15,"column":12},"end":{"line":17,"column":19}},"line":15}},"branchMap":{"0":{"loc":{"start":{"line":8,"column":21},"end":{"line":8,"column":65}},"type":"binary-expr","locations":[{"start":{"line":8,"column":21},"end":{"line":8,"column":45}},{"start":{"line":8,"column":49},"end":{"line":8,"column":65}}],"line":8},"1":{"loc":{"start":{"line":12,"column":7},"end":{"line":20,"column":7}},"type":"binary-expr","locations":[{"start":{"line":12,"column":7},"end":{"line":12,"column":32}},{"start":{"line":13,"column":8},"end":{"line":19,"column":15}}],"line":12}},"s":{"0":1,"1":1,"2":1,"3":1,"4":3},"f":{"0":1,"1":1},"b":{"0":[1,1],"1":[1,1]},"_coverageSchema":"1a1c01bbd47fc00a2c39e90264f33305004495a9","hash":"263bb8e7836edd6b4ea756d31a15199116494e79"}
,"C:\\Vanita\\Project\\AIS\\AIS-FED-repo\\src\\components\\PLPComponent\\Tabs\\PLPTabs.jsx": {"path":"C:\\Vanita\\Project\\AIS\\AIS-FED-repo\\src\\components\\PLPComponent\\Tabs\\PLPTabs.jsx","statementMap":{"0":{"start":{"line":11,"column":18},"end":{"line":11,"column":28}},"1":{"start":{"line":12,"column":19},"end":{"line":12,"column":32}},"2":{"start":{"line":13,"column":40},"end":{"line":13,"column":45}},"3":{"start":{"line":15,"column":18},"end":{"line":15,"column":67}},"4":{"start":{"line":16,"column":2},"end":{"line":18,"column":9}},"5":{"start":{"line":17,"column":4},"end":{"line":17,"column":33}},"6":{"start":{"line":20,"column":2},"end":{"line":26,"column":4}},"7":{"start":{"line":23,"column":8},"end":{"line":23,"column":129}},"8":{"start":{"line":29,"column":0},"end":{"line":33,"column":2}}},"fnMap":{"0":{"name":"PLPTabs","decl":{"start":{"line":10,"column":24},"end":{"line":10,"column":31}},"loc":{"start":{"line":10,"column":39},"end":{"line":27,"column":1}},"line":10},"1":{"name":"(anonymous_1)","decl":{"start":{"line":16,"column":12},"end":{"line":16,"column":13}},"loc":{"start":{"line":16,"column":18},"end":{"line":18,"column":3}},"line":16},"2":{"name":"(anonymous_2)","decl":{"start":{"line":22,"column":22},"end":{"line":22,"column":23}},"loc":{"start":{"line":23,"column":8},"end":{"line":23,"column":129}},"line":23}},"branchMap":{"0":{"loc":{"start":{"line":15,"column":18},"end":{"line":15,"column":67}},"type":"binary-expr","locations":[{"start":{"line":15,"column":18},"end":{"line":15,"column":50}},{"start":{"line":15,"column":54},"end":{"line":15,"column":67}}],"line":15}},"s":{"0":1,"1":1,"2":1,"3":1,"4":1,"5":1,"6":1,"7":5,"8":3},"f":{"0":1,"1":1,"2":5},"b":{"0":[1,1]},"_coverageSchema":"1a1c01bbd47fc00a2c39e90264f33305004495a9","hash":"230659fd922b060d5de55817da99018c64f37c25"}
,"C:\\Vanita\\Project\\AIS\\AIS-FED-repo\\src\\components\\common\\Loader.js": {"path":"C:\\Vanita\\Project\\AIS\\AIS-FED-repo\\src\\components\\common\\Loader.js","statementMap":{"0":{"start":{"line":5,"column":2},"end":{"line":9,"column":4}}},"fnMap":{"0":{"name":"Loader","decl":{"start":{"line":4,"column":24},"end":{"line":4,"column":30}},"loc":{"start":{"line":4,"column":33},"end":{"line":10,"column":1}},"line":4}},"branchMap":{},"s":{"0":3},"f":{"0":3},"b":{},"_coverageSchema":"1a1c01bbd47fc00a2c39e90264f33305004495a9","hash":"33e8e3776f731a1320360895dc1f8176d96966b9"}
,"C:\\Vanita\\Project\\AIS\\AIS-FED-repo\\src\\components\\common\\Accordion\\Simple\\AccordionSimple.jsx": {"path":"C:\\Vanita\\Project\\AIS\\AIS-FED-repo\\src\\components\\common\\Accordion\\Simple\\AccordionSimple.jsx","statementMap":{"0":{"start":{"line":14,"column":24},"end":{"line":44,"column":1}},"1":{"start":{"line":15,"column":22},"end":{"line":19,"column":3}},"2":{"start":{"line":21,"column":2},"end":{"line":23,"column":3}},"3":{"start":{"line":22,"column":4},"end":{"line":22,"column":61}},"4":{"start":{"line":24,"column":18},"end":{"line":24,"column":28}},"5":{"start":{"line":25,"column":18},"end":{"line":25,"column":30}},"6":{"start":{"line":26,"column":28},"end":{"line":26,"column":109}},"7":{"start":{"line":28,"column":2},"end":{"line":43,"column":4}},"8":{"start":{"line":46,"column":0},"end":{"line":49,"column":2}}},"fnMap":{"0":{"name":"(anonymous_0)","decl":{"start":{"line":14,"column":24},"end":{"line":14,"column":25}},"loc":{"start":{"line":14,"column":35},"end":{"line":44,"column":1}},"line":14}},"branchMap":{"0":{"loc":{"start":{"line":21,"column":2},"end":{"line":23,"column":3}},"type":"if","locations":[{"start":{"line":21,"column":2},"end":{"line":23,"column":3}},{"start":{},"end":{}}],"line":21},"1":{"loc":{"start":{"line":29,"column":34},"end":{"line":29,"column":93}},"type":"binary-expr","locations":[{"start":{"line":29,"column":34},"end":{"line":29,"column":60}},{"start":{"line":29,"column":64},"end":{"line":29,"column":93}}],"line":29},"2":{"loc":{"start":{"line":29,"column":97},"end":{"line":29,"column":150}},"type":"binary-expr","locations":[{"start":{"line":29,"column":97},"end":{"line":29,"column":120}},{"start":{"line":29,"column":124},"end":{"line":29,"column":150}}],"line":29}},"s":{"0":3,"1":5,"2":5,"3":2,"4":5,"5":4,"6":4,"7":4,"8":3},"f":{"0":5},"b":{"0":[2,3],"1":[4,2],"2":[4,2]},"_coverageSchema":"1a1c01bbd47fc00a2c39e90264f33305004495a9","hash":"a2da787435f9a0b25f1014dea627a0dd805e4377"}
,"C:\\Vanita\\Project\\AIS\\AIS-FED-repo\\src\\components\\common\\Card\\Card.jsx": {"path":"C:\\Vanita\\Project\\AIS\\AIS-FED-repo\\src\\components\\common\\Card\\Card.jsx","statementMap":{"0":{"start":{"line":11,"column":18},"end":{"line":11,"column":28}},"1":{"start":{"line":12,"column":37},"end":{"line":12,"column":42}},"2":{"start":{"line":13,"column":17},"end":{"line":13,"column":30}},"3":{"start":{"line":14,"column":22},"end":{"line":14,"column":58}},"4":{"start":{"line":15,"column":2},"end":{"line":68,"column":4}},"5":{"start":{"line":19,"column":10},"end":{"line":19,"column":36}},"6":{"start":{"line":20,"column":10},"end":{"line":20,"column":35}},"7":{"start":{"line":34,"column":16},"end":{"line":36,"column":29}},"8":{"start":{"line":41,"column":16},"end":{"line":41,"column":89}},"9":{"start":{"line":57,"column":18},"end":{"line":57,"column":44}},"10":{"start":{"line":58,"column":18},"end":{"line":58,"column":43}},"11":{"start":{"line":71,"column":0},"end":{"line":74,"column":1}}},"fnMap":{"0":{"name":"ProductCard","decl":{"start":{"line":10,"column":24},"end":{"line":10,"column":35}},"loc":{"start":{"line":10,"column":43},"end":{"line":69,"column":1}},"line":10},"1":{"name":"(anonymous_1)","decl":{"start":{"line":18,"column":86},"end":{"line":18,"column":87}},"loc":{"start":{"line":18,"column":92},"end":{"line":21,"column":9}},"line":18},"2":{"name":"(anonymous_2)","decl":{"start":{"line":33,"column":102},"end":{"line":33,"column":103}},"loc":{"start":{"line":34,"column":16},"end":{"line":36,"column":29}},"line":34},"3":{"name":"(anonymous_3)","decl":{"start":{"line":40,"column":102},"end":{"line":40,"column":103}},"loc":{"start":{"line":41,"column":16},"end":{"line":41,"column":89}},"line":41},"4":{"name":"(anonymous_4)","decl":{"start":{"line":56,"column":77},"end":{"line":56,"column":78}},"loc":{"start":{"line":56,"column":83},"end":{"line":59,"column":17}},"line":56}},"branchMap":{"0":{"loc":{"start":{"line":23,"column":62},"end":{"line":23,"column":163}},"type":"cond-expr","locations":[{"start":{"line":23,"column":143},"end":{"line":23,"column":152}},{"start":{"line":23,"column":155},"end":{"line":23,"column":163}}],"line":23},"1":{"loc":{"start":{"line":23,"column":62},"end":{"line":23,"column":140}},"type":"binary-expr","locations":[{"start":{"line":23,"column":62},"end":{"line":23,"column":100}},{"start":{"line":23,"column":104},"end":{"line":23,"column":140}}],"line":23},"2":{"loc":{"start":{"line":24,"column":94},"end":{"line":24,"column":160}},"type":"cond-expr","locations":[{"start":{"line":24,"column":140},"end":{"line":24,"column":149}},{"start":{"line":24,"column":152},"end":{"line":24,"column":160}}],"line":24},"3":{"loc":{"start":{"line":33,"column":15},"end":{"line":37,"column":16}},"type":"binary-expr","locations":[{"start":{"line":33,"column":15},"end":{"line":33,"column":48}},{"start":{"line":33,"column":52},"end":{"line":37,"column":16}}],"line":33},"4":{"loc":{"start":{"line":40,"column":15},"end":{"line":42,"column":16}},"type":"binary-expr","locations":[{"start":{"line":40,"column":15},"end":{"line":40,"column":48}},{"start":{"line":40,"column":52},"end":{"line":42,"column":16}}],"line":40}},"s":{"0":4,"1":4,"2":4,"3":4,"4":4,"5":1,"6":1,"7":3,"8":3,"9":1,"10":1,"11":4},"f":{"0":4,"1":1,"2":3,"3":3,"4":1},"b":{"0":[4,0],"1":[4,4],"2":[4,0],"3":[4,3],"4":[4,3]},"_coverageSchema":"1a1c01bbd47fc00a2c39e90264f33305004495a9","hash":"814470083295e1b2aeecf6041b974c74a303d52e"}
,"C:\\Vanita\\Project\\AIS\\AIS-FED-repo\\src\\components\\common\\Carousel\\Carousel.jsx": {"path":"C:\\Vanita\\Project\\AIS\\AIS-FED-repo\\src\\components\\common\\Carousel\\Carousel.jsx","statementMap":{"0":{"start":{"line":7,"column":17},"end":{"line":16,"column":1}},"1":{"start":{"line":8,"column":4},"end":{"line":14,"column":5}},"2":{"start":{"line":18,"column":0},"end":{"line":21,"column":1}}},"fnMap":{"0":{"name":"(anonymous_0)","decl":{"start":{"line":7,"column":17},"end":{"line":7,"column":18}},"loc":{"start":{"line":7,"column":28},"end":{"line":16,"column":1}},"line":7}},"branchMap":{},"s":{"0":1,"1":1,"2":1},"f":{"0":1},"b":{},"_coverageSchema":"1a1c01bbd47fc00a2c39e90264f33305004495a9","hash":"e551c35f0975da853f7a05c4e0c2179758354b8d"}
,"C:\\Vanita\\Project\\AIS\\AIS-FED-repo\\src\\components\\common\\DropDown\\DropDown.js": {"path":"C:\\Vanita\\Project\\AIS\\AIS-FED-repo\\src\\components\\common\\DropDown\\DropDown.js","statementMap":{"0":{"start":{"line":5,"column":20},"end":{"line":9,"column":1}},"1":{"start":{"line":6,"column":2},"end":{"line":8,"column":27}},"2":{"start":{"line":10,"column":12},"end":{"line":28,"column":2}},"3":{"start":{"line":10,"column":40},"end":{"line":28,"column":1}},"4":{"start":{"line":30,"column":21},"end":{"line":65,"column":1}},"5":{"start":{"line":31,"column":24},"end":{"line":31,"column":63}},"6":{"start":{"line":33,"column":18},"end":{"line":33,"column":28}},"7":{"start":{"line":34,"column":4},"end":{"line":60,"column":6}},"8":{"start":{"line":62,"column":22},"end":{"line":62,"column":45}},"9":{"start":{"line":63,"column":28},"end":{"line":63,"column":57}},"10":{"start":{"line":64,"column":38},"end":{"line":64,"column":71}},"11":{"start":{"line":66,"column":15},"end":{"line":87,"column":1}},"12":{"start":{"line":90,"column":2},"end":{"line":109,"column":4}},"13":{"start":{"line":98,"column":27},"end":{"line":106,"column":9}},"14":{"start":{"line":112,"column":0},"end":{"line":114,"column":2}},"15":{"start":{"line":116,"column":0},"end":{"line":118,"column":2}}},"fnMap":{"0":{"name":"(anonymous_0)","decl":{"start":{"line":5,"column":20},"end":{"line":5,"column":21}},"loc":{"start":{"line":6,"column":2},"end":{"line":8,"column":27}},"line":6},"1":{"name":"(anonymous_1)","decl":{"start":{"line":10,"column":12},"end":{"line":10,"column":13}},"loc":{"start":{"line":10,"column":40},"end":{"line":28,"column":1}},"line":10},"2":{"name":"(anonymous_2)","decl":{"start":{"line":31,"column":11},"end":{"line":31,"column":12}},"loc":{"start":{"line":31,"column":24},"end":{"line":31,"column":63}},"line":31},"3":{"name":"(anonymous_3)","decl":{"start":{"line":32,"column":10},"end":{"line":32,"column":11}},"loc":{"start":{"line":32,"column":67},"end":{"line":61,"column":3}},"line":32},"4":{"name":"(anonymous_4)","decl":{"start":{"line":62,"column":9},"end":{"line":62,"column":10}},"loc":{"start":{"line":62,"column":22},"end":{"line":62,"column":45}},"line":62},"5":{"name":"(anonymous_5)","decl":{"start":{"line":63,"column":15},"end":{"line":63,"column":16}},"loc":{"start":{"line":63,"column":28},"end":{"line":63,"column":57}},"line":63},"6":{"name":"(anonymous_6)","decl":{"start":{"line":64,"column":15},"end":{"line":64,"column":16}},"loc":{"start":{"line":64,"column":38},"end":{"line":64,"column":71}},"line":64},"7":{"name":"DropDown","decl":{"start":{"line":89,"column":24},"end":{"line":89,"column":32}},"loc":{"start":{"line":89,"column":40},"end":{"line":110,"column":1}},"line":89},"8":{"name":"(anonymous_8)","decl":{"start":{"line":98,"column":15},"end":{"line":98,"column":16}},"loc":{"start":{"line":98,"column":27},"end":{"line":106,"column":9}},"line":98}},"branchMap":{"0":{"loc":{"start":{"line":10,"column":13},"end":{"line":10,"column":34}},"type":"default-arg","locations":[{"start":{"line":10,"column":21},"end":{"line":10,"column":34}}],"line":10},"1":{"loc":{"start":{"line":36,"column":23},"end":{"line":42,"column":19}},"type":"cond-expr","locations":[{"start":{"line":37,"column":10},"end":{"line":37,"column":19}},{"start":{"line":38,"column":10},"end":{"line":42,"column":19}}],"line":36},"2":{"loc":{"start":{"line":38,"column":10},"end":{"line":42,"column":19}},"type":"cond-expr","locations":[{"start":{"line":39,"column":10},"end":{"line":39,"column":20}},{"start":{"line":40,"column":10},"end":{"line":42,"column":19}}],"line":38},"3":{"loc":{"start":{"line":40,"column":10},"end":{"line":42,"column":19}},"type":"cond-expr","locations":[{"start":{"line":41,"column":10},"end":{"line":41,"column":19}},{"start":{"line":42,"column":10},"end":{"line":42,"column":19}}],"line":40},"4":{"loc":{"start":{"line":43,"column":13},"end":{"line":49,"column":20}},"type":"cond-expr","locations":[{"start":{"line":44,"column":10},"end":{"line":44,"column":16}},{"start":{"line":45,"column":10},"end":{"line":49,"column":20}}],"line":43},"5":{"loc":{"start":{"line":45,"column":10},"end":{"line":49,"column":20}},"type":"cond-expr","locations":[{"start":{"line":46,"column":10},"end":{"line":48,"column":19}},{"start":{"line":49,"column":10},"end":{"line":49,"column":20}}],"line":45},"6":{"loc":{"start":{"line":46,"column":10},"end":{"line":48,"column":19}},"type":"cond-expr","locations":[{"start":{"line":47,"column":12},"end":{"line":47,"column":19}},{"start":{"line":48,"column":12},"end":{"line":48,"column":19}}],"line":46},"7":{"loc":{"start":{"line":50,"column":14},"end":{"line":50,"column":52}},"type":"cond-expr","locations":[{"start":{"line":50,"column":27},"end":{"line":50,"column":40}},{"start":{"line":50,"column":43},"end":{"line":50,"column":52}}],"line":50},"8":{"loc":{"start":{"line":54,"column":25},"end":{"line":58,"column":21}},"type":"cond-expr","locations":[{"start":{"line":55,"column":12},"end":{"line":57,"column":23}},{"start":{"line":58,"column":12},"end":{"line":58,"column":21}}],"line":54},"9":{"loc":{"start":{"line":55,"column":12},"end":{"line":57,"column":23}},"type":"cond-expr","locations":[{"start":{"line":56,"column":14},"end":{"line":56,"column":24}},{"start":{"line":57,"column":14},"end":{"line":57,"column":23}}],"line":55}},"s":{"0":4,"1":2,"2":4,"3":6,"4":4,"5":3,"6":0,"7":0,"8":3,"9":1,"10":2,"11":4,"12":3,"13":3,"14":4,"15":4},"f":{"0":2,"1":6,"2":3,"3":0,"4":3,"5":1,"6":2,"7":3,"8":3},"b":{"0":[5],"1":[0,0],"2":[0,0],"3":[0,0],"4":[0,0],"5":[0,0],"6":[0,0],"7":[0,0],"8":[0,0],"9":[0,0]},"_coverageSchema":"1a1c01bbd47fc00a2c39e90264f33305004495a9","hash":"cb7828814b41541ad7d19c55f717fc8bac94959f"}
,"C:\\Vanita\\Project\\AIS\\AIS-FED-repo\\src\\components\\common\\Filter\\Filter.jsx": {"path":"C:\\Vanita\\Project\\AIS\\AIS-FED-repo\\src\\components\\common\\Filter\\Filter.jsx","statementMap":{"0":{"start":{"line":10,"column":15},"end":{"line":118,"column":1}},"1":{"start":{"line":12,"column":64},"end":{"line":12,"column":69}},"2":{"start":{"line":14,"column":26},"end":{"line":14,"column":38}},"3":{"start":{"line":16,"column":23},"end":{"line":19,"column":3}},"4":{"start":{"line":17,"column":4},"end":{"line":17,"column":23}},"5":{"start":{"line":18,"column":4},"end":{"line":18,"column":106}},"6":{"start":{"line":20,"column":24},"end":{"line":28,"column":3}},"7":{"start":{"line":21,"column":16},"end":{"line":21,"column":17}},"8":{"start":{"line":22,"column":4},"end":{"line":22,"column":42}},"9":{"start":{"line":22,"column":34},"end":{"line":22,"column":42}},"10":{"start":{"line":23,"column":4},"end":{"line":23,"column":22}},"11":{"start":{"line":23,"column":14},"end":{"line":23,"column":22}},"12":{"start":{"line":24,"column":4},"end":{"line":24,"column":45}},"13":{"start":{"line":24,"column":37},"end":{"line":24,"column":45}},"14":{"start":{"line":25,"column":4},"end":{"line":25,"column":56}},"15":{"start":{"line":25,"column":48},"end":{"line":25,"column":56}},"16":{"start":{"line":26,"column":4},"end":{"line":27,"column":21}},"17":{"start":{"line":26,"column":20},"end":{"line":26,"column":52}},"18":{"start":{"line":27,"column":9},"end":{"line":27,"column":21}},"19":{"start":{"line":30,"column":2},"end":{"line":117,"column":4}},"20":{"start":{"line":32,"column":72},"end":{"line":32,"column":94}},"21":{"start":{"line":45,"column":112},"end":{"line":45,"column":178}},"22":{"start":{"line":48,"column":22},"end":{"line":50,"column":33}},"23":{"start":{"line":73,"column":37},"end":{"line":73,"column":106}},"24":{"start":{"line":120,"column":0},"end":{"line":130,"column":1}}},"fnMap":{"0":{"name":"(anonymous_0)","decl":{"start":{"line":10,"column":15},"end":{"line":10,"column":16}},"loc":{"start":{"line":10,"column":26},"end":{"line":118,"column":1}},"line":10},"1":{"name":"(anonymous_1)","decl":{"start":{"line":16,"column":23},"end":{"line":16,"column":24}},"loc":{"start":{"line":16,"column":44},"end":{"line":19,"column":3}},"line":16},"2":{"name":"(anonymous_2)","decl":{"start":{"line":20,"column":24},"end":{"line":20,"column":25}},"loc":{"start":{"line":20,"column":30},"end":{"line":28,"column":3}},"line":20},"3":{"name":"(anonymous_3)","decl":{"start":{"line":32,"column":66},"end":{"line":32,"column":67}},"loc":{"start":{"line":32,"column":72},"end":{"line":32,"column":94}},"line":32},"4":{"name":"(a
[...]
,"C:\\Vanita\\Project\\AIS\\AIS-FED-repo\\src\\pages\\Promotion\\CommonSections\\TableCatlog\\Desktop\\CatalogImg\\CatlogImg.js": {"path":"C:\\Vanita\\Project\\AIS\\AIS-FED-repo\\src\\pages\\Promotion\\CommonSections\\TableCatlog\\Desktop\\CatalogImg\\CatlogImg.js","statementMap":{"0":{"start":{"line":15,"column":6},"end":{"line":15,"column":17}},"1":{"start":{"line":17,"column":4},"end":{"line":17,"column":62}},"2":{"start":{"line":19,"column":21},"end":{"line":19,"column":64}},"3":{"start":{"line":20,"column":2},"end":{"line":41,"column":4}},"4":{"start":{"line":44,"column":0},"end":{"line":46,"column":2}}},"fnMap":{"0":{"name":"CatlogImg","decl":{"start":{"line":6,"column":9},"end":{"line":6,"column":18}},"loc":{"start":{"line":6,"column":31},"end":{"line":42,"column":1}},"line":6},"1":{"name":"numberWithCommas","decl":{"start":{"line":16,"column":11},"end":{"line":16,"column":27}},"loc":{"start":{"line":16,"column":31},"end":{"line":18,"column":3}},"line":16}},"branchMap":{"0":{"loc":{"start":{"line":6,"column":19},"end":{"line":6,"column":29}},"type":"default-arg","locations":[{"start":{"line":6,"column":27},"end":{"line":6,"column":29}}],"line":6},"1":{"loc":{"start":{"line":8,"column":4},"end":{"line":8,"column":13}},"type":"default-arg","locations":[{"start":{"line":8,"column":11},"end":{"line":8,"column":13}}],"line":8},"2":{"loc":{"start":{"line":9,"column":4},"end":{"line":9,"column":20}},"type":"default-arg","locations":[{"start":{"line":9,"column":18},"end":{"line":9,"column":20}}],"line":9},"3":{"loc":{"start":{"line":10,"column":4},"end":{"line":10,"column":17}},"type":"default-arg","locations":[{"start":{"line":10,"column":15},"end":{"line":10,"column":17}}],"line":10},"4":{"loc":{"start":{"line":11,"column":4},"end":{"line":11,"column":19}},"type":"default-arg","locations":[{"start":{"line":11,"column":17},"end":{"line":11,"column":19}}],"line":11},"5":{"loc":{"start":{"line":12,"column":4},"end":{"line":12,"column":14}},"type":"default-arg","locations":[{"start":{"line":12,"column":12},"end":{"line":12,"column":14}}],"line":12},"6":{"loc":{"start":{"line":13,"column":4},"end":{"line":13,"column":17}},"type":"default-arg","locations":[{"start":{"line":13,"column":15},"end":{"line":13,"column":17}}],"line":13},"7":{"loc":{"start":{"line":14,"column":4},"end":{"line":14,"column":17}},"type":"default-arg","locations":[{"start":{"line":14,"column":15},"end":{"line":14,"column":17}}],"line":14}},"s":{"0":1,"1":1,"2":1,"3":1,"4":4},"f":{"0":1,"1":1},"b":{"0":[0],"1":[0],"2":[0],"3":[0],"4":[0],"5":[0],"6":[0],"7":[0]},"_coverageSchema":"1a1c01bbd47fc00a2c39e90264f33305004495a9","hash":"e8d8265c0f63d9eb78ea43ad343afe59e7543955"}
,"C:\\Vanita\\Project\\AIS\\AIS-FED-repo\\src\\pages\\Promotion\\CommonSections\\TableCatlog\\Mobile\\CatlogImg.js": {"path":"C:\\Vanita\\Project\\AIS\\AIS-FED-repo\\src\\pages\\Promotion\\CommonSections\\TableCatlog\\Mobile\\CatlogImg.js","statementMap":{"0":{"start":{"line":14,"column":6},"end":{"line":14,"column":17}},"1":{"start":{"line":15,"column":2},"end":{"line":34,"column":4}},"2":{"start":{"line":37,"column":0},"end":{"line":39,"column":1}}},"fnMap":{"0":{"name":"CatlogImg","decl":{"start":{"line":6,"column":9},"end":{"line":6,"column":18}},"loc":{"start":{"line":6,"column":30},"end":{"line":35,"column":1}},"line":6}},"branchMap":{"0":{"loc":{"start":{"line":6,"column":19},"end":{"line":6,"column":28}},"type":"default-arg","locations":[{"start":{"line":6,"column":26},"end":{"line":6,"column":28}}],"line":6},"1":{"loc":{"start":{"line":8,"column":4},"end":{"line":8,"column":13}},"type":"default-arg","locations":[{"start":{"line":8,"column":11},"end":{"line":8,"column":13}}],"line":8},"2":{"loc":{"start":{"line":9,"column":4},"end":{"line":9,"column":20}},"type":"default-arg","locations":[{"start":{"line":9,"column":18},"end":{"line":9,"column":20}}],"line":9},"3":{"loc":{"start":{"line":10,"column":4},"end":{"line":10,"column":17}},"type":"default-arg","locations":[{"start":{"line":10,"column":15},"end":{"line":10,"column":17}}],"line":10},"4":{"loc":{"start":{"line":11,"column":4},"end":{"line":11,"column":19}},"type":"default-arg","locations":[{"start":{"line":11,"column":17},"end":{"line":11,"column":19}}],"line":11},"5":{"loc":{"start":{"line":12,"column":4},"end":{"line":12,"column":14}},"type":"default-arg","locations":[{"start":{"line":12,"column":12},"end":{"line":12,"column":14}}],"line":12},"6":{"loc":{"start":{"line":13,"column":4},"end":{"line":13,"column":17}},"type":"default-arg","locations":[{"start":{"line":13,"column":15},"end":{"line":13,"column":17}}],"line":13}},"s":{"0":3,"1":3,"2":4},"f":{"0":3},"b":{"0":[0],"1":[0],"2":[0],"3":[0],"4":[0],"5":[0],"6":[0]},"_coverageSchema":"1a1c01bbd47fc00a2c39e90264f33305004495a9","hash":"faf3a7cc0e7be30cf10dfc199c4025f61b7630ff"}
,"C:\\Vanita\\Project\\AIS\\AIS-FED-repo\\src\\pages\\Promotion\\CommonSections\\TableCatlog\\Mobile\\CatlogMobile.js": {"path":"C:\\Vanita\\Project\\AIS\\AIS-FED-repo\\src\\pages\\Promotion\\CommonSections\\TableCatlog\\Mobile\\CatlogMobile.js","statementMap":{"0":{"start":{"line":5,"column":2},"end":{"line":10,"column":4}}},"fnMap":{"0":{"name":"CatlogMobile","decl":{"start":{"line":3,"column":9},"end":{"line":3,"column":21}},"loc":{"start":{"line":3,"column":33},"end":{"line":11,"column":1}},"line":3}},"branchMap":{"0":{"loc":{"start":{"line":3,"column":22},"end":{"line":3,"column":31}},"type":"default-arg","locations":[{"start":{"line":3,"column":29},"end":{"line":3,"column":31}}],"line":3}},"s":{"0":2},"f":{"0":2},"b":{"0":[0]},"_coverageSchema":"1a1c01bbd47fc00a2c39e90264f33305004495a9","hash":"bc405a770068adfe9dae5b73005b302347f29def"}
,"C:\\Vanita\\Project\\AIS\\AIS-FED-repo\\src\\pages\\Promotion\\CommonSections\\TableCatlog\\Mobile\\TableRow.js": {"path":"C:\\Vanita\\Project\\AIS\\AIS-FED-repo\\src\\pages\\Promotion\\CommonSections\\TableCatlog\\Mobile\\TableRow.js","statementMap":{"0":{"start":{"line":20,"column":6},"end":{"line":20,"column":26}},"1":{"start":{"line":21,"column":52},"end":{"line":21,"column":75}},"2":{"start":{"line":22,"column":16},"end":{"line":22,"column":64}},"3":{"start":{"line":23,"column":2},"end":{"line":23,"column":18}},"4":{"start":{"line":24,"column":2},"end":{"line":24,"column":16}},"5":{"start":{"line":25,"column":13},"end":{"line":25,"column":15}},"6":{"start":{"line":26,"column":2},"end":{"line":32,"column":3}},"7":{"start":{"line":27,"column":4},"end":{"line":31,"column":7}},"8":{"start":{"line":28,"column":6},"end":{"line":30,"column":7}},"9":{"start":{"line":29,"column":8},"end":{"line":29,"column":40}},"10":{"start":{"line":34,"column":22},"end":{"line":36,"column":3}},"11":{"start":{"line":35,"column":4},"end":{"line":35,"column":41}},"12":{"start":{"line":37,"column":2},"end":{"line":65,"column":4}},"13":{"start":{"line":52,"column":28},"end":{"line":52,"column":63}},"14":{"start":{"line":68,"column":0},"end":{"line":70,"column":2}}},"fnMap":{"0":{"name":"TableRow","decl":{"start":{"line":12,"column":9},"end":{"line":12,"column":17}},"loc":{"start":{"line":12,"column":25},"end":{"line":66,"column":1}},"line":12},"1":{"name":"(anonymous_1)","decl":{"start":{"line":27,"column":19},"end":{"line":27,"column":20}},"loc":{"start":{"line":27,"column":32},"end":{"line":31,"column":5}},"line":27},"2":{"name":"(anonymous_2)","decl":{"start":{"line":34,"column":22},"end":{"line":34,"column":23}},"loc":{"start":{"line":34,"column":31},"end":{"line":36,"column":3}},"line":34},"3":{"name":"(anonymous_3)","decl":{"start":{"line":52,"column":21},"end":{"line":52,"column":22}},"loc":{"start":{"line":52,"column":28},"end":{"line":52,"column":63}},"line":52}},"branchMap":{"0":{"loc":{"start":{"line":14,"column":18},"end":{"line":14,"column":27}},"type":"default-arg","locations":[{"start":{"line":14,"column":25},"end":{"line":14,"column":27}}],"line":14},"1":{"loc":{"start":{"line":15,"column":4},"end":{"line":15,"column":15}},"type":"default-arg","locations":[{"start":{"line":15,"column":13},"end":{"line":15,"column":15}}],"line":15},"2":{"loc":{"start":{"line":26,"column":2},"end":{"line":32,"column":3}},"type":"if","locations":[{"start":{"line":26,"column":2},"end":{"line":32,"column":3}},{"start":{},"end":{}}],"line":26},"3":{"loc":{"start":{"line":28,"column":6},"end":{"line":30,"column":7}},"type":"if","locations":[{"start":{"line":28,"column":6},"end":{"line":30,"column":7}},{"start":{},"end":{}}],"line":28},"4":{"loc":{"start":{"line":35,"column":11},"end":{"line":35,"column":40}},"type":"cond-expr","locations":[{"start":{"line":35,"column":28},"end":{"line":35,"column":32}},{"start":{"line":35,"column":35},"end":{"line":35,"column":40}}],"line":35},"5":{"loc":{"start":{"line":49,"column":9},"end":{"line":56,"column":9}},"type":"binary-expr","locations":[{"start":{"line":49,"column":9},"end":{"line":49,"column":29}},{"start":{"line":50,"column":10},"end":{"line":55,"column":19}}],"line":49},"6":{"loc":{"start":{"line":58,"column":9},"end":{"line":62,"column":9}},"type":"binary-expr","locations":[{"start":{"line":58,"column":9},"end":{"line":58,"column":39}},{"start":{"line":59,"column":10},"end":{"line":61,"column":19}}],"line":58}},"s":{"0":3,"1":3,"2":3,"3":3,"4":3,"5":3,"6":3,"7":3,"8":6,"9":6,"10":3,"11":6,"12":3,"13":0,"14":4},"f":{"0":3,"1":6,"2":6,"3":0},"b":{"0":[0],"1":[0],"2":[3,0],"3":[6,0],"4":[4,2],"5":[3,2],"6":[3,2]},"_coverageSchema":"1a1c01bbd47fc00a2c39e90264f33305004495a9","hash":"812ec59fbff0c633bfd460cd9cdd055cb1393a91"}
,"C:\\Vanita\\Project\\AIS\\AIS-FED-repo\\src\\pages\\Promotion\\CommonSections\\TableCatlog\\Mobile\\TableSection.js": {"path":"C:\\Vanita\\Project\\AIS\\AIS-FED-repo\\src\\pages\\Promotion\\CommonSections\\TableCatlog\\Mobile\\TableSection.js","statementMap":{"0":{"start":{"line":8,"column":20},"end":{"line":8,"column":22}},"1":{"start":{"line":9,"column":13},"end":{"line":9,"column":34}},"2":{"start":{"line":10,"column":16},"end":{"line":10,"column":36}},"3":{"start":{"line":11,"column":2},"end":{"line":42,"column":3}},"4":{"start":{"line":12,"column":4},"end":{"line":41,"column":7}},"5":{"start":{"line":13,"column":22},"end":{"line":13,"column":24}},"6":{"start":{"line":14,"column":28},"end":{"line":14,"column":45}},"7":{"start":{"line":15,"column":6},"end":{"line":22,"column":9}},"8":{"start":{"line":16,"column":8},"end":{"line":21,"column":10}},"9":{"start":{"line":23,"column":6},"end":{"line":40,"column":8}},"10":{"start":{"line":44,"column":2},"end":{"line":44,"column":63}},"11":{"start":{"line":47,"column":0},"end":{"line":49,"column":2}}},"fnMap":{"0":{"name":"TableSection","decl":{"start":{"line":7,"column":9},"end":{"line":7,"column":21}},"loc":{"start":{"line":7,"column":29},"end":{"line":45,"column":1}},"line":7},"1":{"name":"(anonymous_1)","decl":{"start":{"line":12,"column":17},"end":{"line":12,"column":18}},"loc":{"start":{"line":12,"column":37},"end":{"line":41,"column":5}},"line":12},"2":{"name":"(anonymous_2)","decl":{"start":{"line":15,"column":43},"end":{"line":15,"column":44}},"loc":{"start":{"line":15,"column":57},"end":{"line":22,"column":7}},"line":15}},"branchMap":{"0":{"loc":{"start":{"line":11,"column":2},"end":{"line":42,"column":3}},"type":"if","locations":[{"start":{"line":11,"column":2},"end":{"line":42,"column":3}},{"start":{},"end":{}}],"line":11}},"s":{"0":2,"1":2,"2":2,"3":2,"4":2,"5":2,"6":2,"7":2,"8":2,"9":2,"10":2,"11":3},"f":{"0":2,"1":2,"2":2},"b":{"0":[2,0]},"_coverageSchema":"1a1c01bbd47fc00a2c39e90264f33305004495a9","hash":"fc0cfc9a219caa4f5e9194778af0022abacad3a9"}
,"C:\\Vanita\\Project\\AIS\\AIS-FED-repo\\src\\pages\\Promotion\\CommonSections\\TableCatlog\\Mobile\\Table\\BasicTable.js": {"path":"C:\\Vanita\\Project\\AIS\\AIS-FED-repo\\src\\pages\\Promotion\\CommonSections\\TableCatlog\\Mobile\\Table\\BasicTable.js","statementMap":{"0":{"start":{"line":13,"column":19},"end":{"line":13,"column":36}},"1":{"start":{"line":14,"column":18},"end":{"line":14,"column":38}},"2":{"start":{"line":15,"column":18},"end":{"line":15,"column":28}},"3":{"start":{"line":17,"column":18},"end":{"line":17,"column":20}},"4":{"start":{"line":18,"column":2},"end":{"line":20,"column":5}},"5":{"start":{"line":19,"column":4},"end":{"line":19,"column":67}},"6":{"start":{"line":21,"column":18},"end":{"line":21,"column":59}},"7":{"start":{"line":22,"column":15},"end":{"line":22,"column":17}},"8":{"start":{"line":23,"column":2},"end":{"line":29,"column":3}},"9":{"start":{"line":23,"column":15},"end":{"line":23,"column":16}},"10":{"start":{"line":24,"column":16},"end":{"line":24,"column":18}},"11":{"start":{"line":25,"column":4},"end":{"line":27,"column":5}},"12":{"start":{"line":25,"column":17},"end":{"line":25,"column":18}},"13":{"start":{"line":26,"column":6},"end":{"line":26,"column":33}},"14":{"start":{"line":28,"column":4},"end":{"line":28,"column":28}},"15":{"start":{"line":31,"column":17},"end":{"line":31,"column":19}},"16":{"start":{"line":32,"column":2},"end":{"line":47,"column":5}},"17":{"start":{"line":33,"column":16},"end":{"line":33,"column":18}},"18":{"start":{"line":34,"column":4},"end":{"line":38,"column":7}},"19":{"start":{"line":35,"column":6},"end":{"line":37,"column":8}},"20":{"start":{"line":39,"column":4},"end":{"line":46,"column":6}},"21":{"start":{"line":48,"column":2},"end":{"line":59,"column":4}}},"fnMap":{"0":{"name":"BasicTable","decl":{"start":{"line":12,"column":24},"end":{"line":12,"column":34}},"loc":{"start":{"line":12,"column":42},"end":{"line":60,"column":1}},"line":12},"1":{"name":"(anonymous_1)","decl":{"start":{"line":18,"column":18},"end":{"line":18,"column":19}},"loc":{"start":{"line":18,"column":31},"end":{"line":20,"column":3}},"line":18},"2":{"name":"(anonymous_2)","decl":{"start":{"line":32,"column":11},"end":{"line":32,"column":12}},"loc":{"start":{"line":32,"column":27},"end":{"line":47,"column":3}},"line":32},"3":{"name":"(anonymous_3)","decl":{"start":{"line":34,"column":29},"end":{"line":34,"column":30}},"loc":{"start":{"line":34,"column":49},"end":{"line":38,"column":5}},"line":34}},"branchMap":{"0":{"loc":{"start":{"line":21,"column":18},"end":{"line":21,"column":59}},"type":"cond-expr","locations":[{"start":{"line":21,"column":36},"end":{"line":21,"column":55}},{"start":{"line":21,"column":58},"end":{"line":21,"column":59}}],"line":21}},"s":{"0":3,"1":3,"2":3,"3":3,"4":3,"5":6,"6":3,"7":3,"8":3,"9":3,"10":8,"11":8,"12":8,"13":24,"14":8,"15":3,"16":3,"17":8,"18":8,"19":24,"20":8,"21":3},"f":{"0":3,"1":6,"2":8,"3":24},"b":{"0":[2,1]},"_coverageSchema":"1a1c01bbd47fc00a2c39e90264f33305004495a9","hash":"6748d099f5d883de4342f84d8f4b915f7decfcd7"}
,"C:\\Vanita\\Project\\AIS\\AIS-FED-repo\\src\\pages\\Promotion\\CommonSections\\TableHeader\\Header.js": {"path":"C:\\Vanita\\Project\\AIS\\AIS-FED-repo\\src\\pages\\Promotion\\CommonSections\\TableHeader\\Header.js","statementMap":{"0":{"start":{"line":11,"column":19},"end":{"line":11,"column":32}},"1":{"start":{"line":12,"column":13},"end":{"line":12,"column":34}},"2":{"start":{"line":13,"column":2},"end":{"line":17,"column":7}},"3":{"start":{"line":14,"column":4},"end":{"line":16,"column":6}},"4":{"start":{"line":36,"column":0},"end":{"line":38,"column":1}}},"fnMap":{"0":{"name":"Header","decl":{"start":{"line":10,"column":9},"end":{"line":10,"column":15}},"loc":{"start":{"line":10,"column":23},"end":{"line":34,"column":1}},"line":10},"1":{"name":"(anonymous_1)","decl":{"start":{"line":13,"column":12},"end":{"line":13,"column":13}},"loc":{"start":{"line":13,"column":16},"end":{"line":17,"column":3}},"line":13}},"branchMap":{},"s":{"0":1,"1":1,"2":1,"3":1,"4":3},"f":{"0":1,"1":1},"b":{},"_coverageSchema":"1a1c01bbd47fc00a2c39e90264f33305004495a9","hash":"dba4714b3701d3602eace65fbd889159d3f0ac2d"}
,"C:\\Vanita\\Project\\AIS\\AIS-FED-repo\\src\\pages\\Promotion\\CommonSections\\TermsAndCondition\\TermsAndConditions.jsx": {"path":"C:\\Vanita\\Project\\AIS\\AIS-FED-repo\\src\\pages\\Promotion\\CommonSections\\TermsAndCondition\\TermsAndConditions.jsx","statementMap":{"0":{"start":{"line":11,"column":24},"end":{"line":55,"column":1}},"1":{"start":{"line":12,"column":18},"end":{"line":12,"column":30}},"2":{"start":{"line":13,"column":15},"end":{"line":13,"column":17}},"3":{"start":{"line":15,"column":13},"end":{"line":15,"column":24}},"4":{"start":{"line":16,"column":2},"end":{"line":22,"column":3}},"5":{"start":{"line":17,"column":4},"end":{"line":21,"column":7}},"6":{"start":{"line":18,"column":6},"end":{"line":20,"column":7}},"7":{"start":{"line":19,"column":8},"end":{"line":19,"column":28}},"8":{"start":{"line":24,"column":2},"end":{"line":54,"column":4}},"9":{"start":{"line":27,"column":28},"end":{"line":27,"column":38}},"10":{"start":{"line":28,"column":31},"end":{"line":28,"column":52}},"11":{"start":{"line":29,"column":8},"end":{"line":51,"column":10}},"12":{"start":{"line":57,"column":0},"end":{"line":59,"column":2}}},"fnMap":{"0":{"name":"(anonymous_0)","decl":{"start":{"line":11,"column":24},"end":{"line":11,"column":25}},"loc":{"start":{"line":11,"column":35},"end":{"line":55,"column":1}},"line":11},"1":{"name":"(anonymous_1)","decl":{"start":{"line":17,"column":30},"end":{"line":17,"column":31}},"loc":{"start":{"line":17,"column":38},"end":{"line":21,"column":5}},"line":17},"2":{"name":"(anonymous_2)","decl":{"start":{"line":26,"column":16},"end":{"line":26,"column":17}},"loc":{"start":{"line":26,"column":30},"end":{"line":52,"column":7}},"line":26}},"branchMap":{"0":{"loc":{"start":{"line":16,"column":2},"end":{"line":22,"column":3}},"type":"if","locations":[{"start":{"line":16,"column":2},"end":{"line":22,"column":3}},{"start":{},"end":{}}],"line":16},"1":{"loc":{"start":{"line":18,"column":6},"end":{"line":20,"column":7}},"type":"if","locations":[{"start":{"line":18,"column":6},"end":{"line":20,"column":7}},{"start":{},"end":{}}],"line":18},"2":{"loc":{"start":{"line":27,"column":14},"end":{"line":27,"column":23}},"type":"default-arg","locations":[{"start":{"line":27,"column":21},"end":{"line":27,"column":23}}],"line":27},"3":{"loc":{"start":{"line":27,"column":28},"end":{"line":27,"column":38}},"type":"binary-expr","locations":[{"start":{"line":27,"column":28},"end":{"line":27,"column":32}},{"start":{"line":27,"column":36},"end":{"line":27,"column":38}}],"line":27},"4":{"loc":{"start":{"line":38,"column":19},"end":{"line":38,"column":59}},"type":"cond-expr","locations":[{"start":{"line":38,"column":38},"end":{"line":38,"column":54}},{"start":{"line":38,"column":57},"end":{"line":38,"column":59}}],"line":38}},"s":{"0":4,"1":2,"2":2,"3":2,"4":2,"5":1,"6":5,"7":3,"8":2,"9":3,"10":3,"11":3,"12":4},"f":{"0":2,"1":5,"2":3},"b":{"0":[1,1],"1":[3,2],"2":[0],"3":[3,0],"4":[3,0]},"_coverageSchema":"1a1c01bbd47fc00a2c39e90264f33305004495a9","hash":"648884f8c5d0dac2733b9440a6834cefdc8517a1"}
,"C:\\Vanita\\Project\\AIS\\AIS-FED-repo\\src\\pages\\Promotion\\HotDeal\\HotDeals.js": {"path":"C:\\Vanita\\Project\\AIS\\AIS-FED-repo\\src\\pages\\Promotion\\HotDeal\\HotDeals.js","statementMap":{"0":{"start":{"line":18,"column":2},"end":{"line":28,"column":4}}},"fnMap":{"0":{"name":"HotDeals","decl":{"start":{"line":17,"column":9},"end":{"line":17,"column":17}},"loc":{"start":{"line":17,"column":20},"end":{"line":29,"column":1}},"line":17}},"branchMap":{},"s":{"0":2},"f":{"0":2},"b":{},"_coverageSchema":"1a1c01bbd47fc00a2c39e90264f33305004495a9","hash":"45925ad9950f190425c309dde58f6e58f45fc4aa"}
}
