TN:
SF:src\App.js
FN:11,App
FN:13,(anonymous_1)
FN:14,(anonymous_2)
FNF:3
FNH:2
FNDA:1,App
FNDA:1,(anonymous_1)
FNDA:0,(anonymous_2)
DA:12,1
DA:13,1
DA:14,1
DA:15,0
DA:16,0
DA:21,1
DA:25,1
LF:7
LH:5
BRDA:27,0,0,0
BRDA:27,0,1,1
BRF:2
BRH:1
end_of_record
TN:
SF:src\DataFromCMS.js
FN:26,(anonymous_0)
FN:27,(anonymous_1)
FN:35,(anonymous_2)
FNF:3
FNH:3
FNDA:1,(anonymous_0)
FNDA:15,(anonymous_1)
FNDA:14,(anonymous_2)
DA:26,1
DA:27,1
DA:28,15
DA:29,15
DA:30,15
DA:31,15
DA:35,1
DA:36,14
DA:38,14
DA:51,1
DA:52,1
DA:53,1
DA:54,1
DA:55,1
DA:56,1
DA:59,1
DA:60,1
DA:61,1
DA:62,1
DA:63,1
DA:65,1
DA:66,1
DA:67,1
DA:68,1
LF:24
LH:24
BRDA:29,0,0,15
BRDA:29,0,1,0
BRDA:30,1,0,0
BRDA:30,1,1,15
BRDA:38,2,0,14
BRDA:38,2,1,0
BRF:6
BRH:3
end_of_record
TN:
SF:src\MaterialUIGlobalTheme.js
FN:38,MaterialUIGlobalTheme
FNF:1
FNH:1
FNDA:2,MaterialUIGlobalTheme
DA:5,2
DA:39,2
DA:46,2
LF:3
LH:3
BRF:0
BRH:0
end_of_record
TN:
SF:src\store.js
FNF:0
FNH:0
DA:6,21
DA:8,21
DA:10,21
LF:3
LH:3
BRF:0
BRH:0
end_of_record
TN:
SF:src\Utility\Constant.js
FNF:0
FNH:0
DA:1,1
LF:1
LH:1
BRF:0
BRH:0
end_of_record
TN:
SF:src\Utility\Regex\CheckTextType.jsx
FN:1,(anonymous_0)
FN:5,(anonymous_1)
FN:9,(anonymous_2)
FN:13,(anonymous_3)
FN:17,(anonymous_4)
FN:21,(anonymous_5)
FN:27,(anonymous_6)
FN:31,(anonymous_7)
FN:35,(anonymous_8)
FN:39,(anonymous_9)
FN:43,(anonymous_10)
FN:46,(anonymous_11)
FNF:12
FNH:10
FNDA:192,(anonymous_0)
FNDA:171,(anonymous_1)
FNDA:0,(anonymous_2)
FNDA:10,(anonymous_3)
FNDA:186,(anonymous_4)
FNDA:33,(anonymous_5)
FNDA:2,(anonymous_6)
FNDA:2,(anonymous_7)
FNDA:0,(anonymous_8)
FNDA:4,(anonymous_9)
FNDA:33,(anonymous_10)
FNDA:31,(anonymous_11)
DA:1,4
DA:2,192
DA:5,4
DA:6,171
DA:9,4
DA:10,0
DA:13,4
DA:14,10
DA:17,4
DA:18,186
DA:21,4
DA:22,33
DA:27,4
DA:28,2
DA:31,4
DA:32,2
DA:35,4
DA:36,0
DA:39,4
DA:40,4
DA:43,4
DA:44,33
DA:46,4
DA:47,31
LF:24
LH:22
BRF:0
BRH:0
end_of_record
TN:
SF:src\Utility\Regex\Common.jsx
FN:1,(anonymous_0)
FNF:1
FNH:1
FNDA:2,(anonymous_0)
DA:1,3
DA:2,2
LF:2
LH:2
BRF:0
BRH:0
end_of_record
TN:
SF:src\Utility\StringChange\Common.jsx
FN:1,(anonymous_0)
FN:4,(anonymous_1)
FNF:2
FNH:2
FNDA:527,(anonymous_0)
FNDA:806,(anonymous_1)
DA:1,3
DA:2,527
DA:4,806
DA:6,527
LF:4
LH:4
BRF:0
BRH:0
end_of_record
TN:
SF:src\components\AddressComponent\AddressTab.jsx
FN:12,TabPanel
FN:31,a11yProps
FN:38,AddressTab
FN:44,(anonymous_3)
FNF:4
FNH:3
FNDA:2,TabPanel
FNDA:2,a11yProps
FNDA:1,AddressTab
FNDA:0,(anonymous_3)
DA:13,2
DA:14,2
DA:32,2
DA:39,1
DA:40,1
DA:41,1
DA:42,1
DA:44,1
DA:45,0
DA:48,1
DA:72,3
DA:76,3
LF:12
LH:11
BRDA:22,0,0,2
BRDA:22,0,1,1
BRDA:41,1,0,1
BRDA:41,1,1,0
BRF:4
BRH:3
end_of_record
TN:
SF:src\components\AddressComponent\CardStructure.jsx
FN:14,(anonymous_0)
FN:28,(anonymous_1)
FNF:2
FNH:2
FNDA:2,(anonymous_0)
FNDA:8,(anonymous_1)
DA:14,5
DA:15,2
DA:17,1
DA:18,1
DA:27,1
DA:28,1
DA:29,8
DA:30,8
DA:34,1
DA:98,1
DA:176,1
DA:179,5
LF:12
LH:12
BRDA:20,0,0,1
BRDA:21,1,0,1
BRDA:22,2,0,1
BRDA:23,3,0,1
BRDA:24,4,0,1
BRDA:25,5,0,1
BRDA:26,6,0,1
BRDA:27,7,0,1
BRDA:27,7,1,0
BRDA:30,8,0,0
BRDA:30,8,1,8
BRDA:59,9,0,1
BRDA:59,9,1,0
BRDA:62,10,0,1
BRDA:62,10,1,0
BRDA:67,11,0,0
BRDA:67,11,1,1
BRDA:70,12,0,0
BRDA:70,12,1,1
BRDA:135,13,0,1
BRDA:135,13,1,0
BRDA:146,14,0,1
BRDA:146,14,1,0
BRDA:176,15,0,1
BRDA:176,15,1,0
BRF:25
BRH:16
end_of_record
TN:
SF:src\components\AddressComponent\MoreActions.jsx
FN:14,(anonymous_0)
FN:24,(anonymous_1)
FN:28,(anonymous_2)
FN:31,(anonymous_3)
FN:50,(anonymous_4)
FN:61,(anonymous_5)
FNF:6
FNH:4
FNDA:5,(anonymous_0)
FNDA:1,(anonymous_1)
FNDA:0,(anonymous_2)
FNDA:0,(anonymous_3)
FNDA:1,(anonymous_4)
FNDA:1,(anonymous_5)
DA:14,6
DA:15,5
DA:16,5
DA:17,5
DA:18,5
DA:19,5
DA:21,5
DA:22,5
DA:24,5
DA:25,1
DA:28,5
DA:29,0
DA:31,5
DA:32,0
DA:33,0
DA:34,0
DA:37,5
DA:51,1
DA:54,1
DA:62,1
DA:63,1
DA:87,6
LF:22
LH:18
BRDA:33,0,0,0
BRDA:33,0,1,0
BRDA:70,1,0,5
BRDA:70,1,1,1
BRF:4
BRH:2
end_of_record
TN:
SF:src\components\AddressComponent\TextField.jsx
FN:26,(anonymous_0)
FNF:1
FNH:1
FNDA:1021,(anonymous_0)
DA:15,4
DA:26,4
DA:37,1021
DA:38,1021
DA:83,4
LF:5
LH:5
BRDA:39,0,0,31
BRDA:39,0,1,990
BRDA:39,1,0,480
BRDA:39,1,1,541
BRDA:50,2,0,1021
BRDA:50,2,1,712
BRDA:69,3,0,0
BRDA:69,3,1,1021
BRF:8
BRH:7
end_of_record
TN:
SF:src\components\AddressComponent\Card\Actions.jsx
FN:9,(anonymous_0)
FN:19,(anonymous_1)
FNF:2
FNH:1
FNDA:2,(anonymous_0)
FNDA:0,(anonymous_1)
DA:9,5
DA:10,2
DA:11,2
DA:12,2
DA:20,0
DA:35,5
LF:6
LH:5
BRDA:15,0,0,2
BRDA:15,0,1,1
BRDA:18,1,0,1
BRDA:18,1,1,1
BRF:4
BRH:4
end_of_record
TN:
SF:src\components\AddressComponent\Card\TextWithSVG.jsx
FN:8,(anonymous_0)
FN:46,(anonymous_1)
FNF:2
FNH:2
FNDA:3,(anonymous_0)
FNDA:3,(anonymous_1)
DA:8,6
DA:9,3
DA:10,2
DA:11,2
DA:12,2
DA:46,6
DA:47,3
DA:48,2
DA:49,2
DA:50,2
DA:90,6
DA:95,6
LF:12
LH:12
BRDA:13,0,0,0
BRDA:13,0,1,2
BRDA:14,1,0,2
BRDA:14,1,1,1
BRDA:16,2,0,1
BRDA:16,2,1,1
BRDA:51,3,0,0
BRDA:51,3,1,2
BRDA:52,4,0,2
BRDA:52,4,1,0
BRDA:55,5,0,0
BRDA:55,5,1,0
BRF:12
BRH:7
end_of_record
TN:
SF:src\components\AddressComponent\Card\UserDetails.jsx
FN:5,(anonymous_0)
FN:26,(anonymous_1)
FN:29,(anonymous_2)
FNF:3
FNH:3
FNDA:2,(anonymous_0)
FNDA:2,(anonymous_1)
FNDA:2,(anonymous_2)
DA:5,6
DA:6,2
DA:18,2
DA:19,2
DA:26,6
DA:27,2
DA:28,2
DA:29,2
DA:30,2
DA:31,2
DA:32,2
DA:34,2
DA:44,6
DA:48,6
LF:14
LH:14
BRDA:8,0,0,2
BRDA:9,1,0,2
BRDA:10,2,0,2
BRDA:11,3,0,2
BRDA:12,4,0,2
BRDA:13,5,0,2
BRDA:14,6,0,2
BRDA:15,7,0,2
BRDA:16,8,0,2
BRDA:17,9,0,2
BRDA:18,10,0,2
BRDA:18,10,1,1
BRDA:28,11,0,2
BRDA:28,12,0,2
BRDA:28,13,0,2
BRDA:28,14,0,2
BRDA:28,15,0,2
BRDA:28,15,1,1
BRDA:31,16,0,0
BRDA:31,16,1,2
BRDA:35,17,0,2
BRDA:35,17,1,1
BRDA:37,18,0,0
BRDA:37,18,1,2
BRF:24
BRH:22
end_of_record
TN:
SF:src\components\CompareComponent\CompareStickyBar\CompareStickyBar.jsx
FN:10,CompareStickyBar
FNF:1
FNH:0
FNDA:0,CompareStickyBar
DA:12,0
LF:1
LH:0
BRF:0
BRH:0
end_of_record
TN:
SF:src\components\CouponComponent\CouponCard.jsx
FN:10,ArrowIcon
FN:25,(anonymous_1)
FN:28,(anonymous_2)
FN:36,CouponCard
FN:41,(anonymous_4)
FNF:5
FNH:4
FNDA:1,ArrowIcon
FNDA:1,(anonymous_1)
FNDA:1,(anonymous_2)
FNDA:1,CouponCard
FNDA:0,(anonymous_4)
DA:11,1
DA:25,5
DA:26,1
DA:27,1
DA:28,1
DA:37,1
DA:38,1
DA:39,1
DA:41,1
DA:42,0
DA:45,1
DA:81,5
LF:12
LH:11
BRDA:29,0,0,1
BRDA:29,0,1,0
BRDA:47,1,0,0
BRDA:47,1,1,1
BRDA:47,2,0,1
BRDA:47,2,1,1
BRDA:54,3,0,1
BRDA:54,3,1,0
BRDA:62,4,0,0
BRDA:62,4,1,1
BRDA:62,5,0,1
BRDA:62,5,1,1
BRF:12
BRH:8
end_of_record
TN:
SF:src\components\CouponComponent\CouponWalletTab.jsx
FN:11,TabPanel
FN:18,(anonymous_1)
FN:36,CouponWalletTab
FN:42,(anonymous_3)
FN:46,(anonymous_4)
FN:47,(anonymous_5)
FN:48,(anonymous_6)
FN:50,(anonymous_7)
FNF:8
FNH:4
FNDA:9,TabPanel
FNDA:0,(anonymous_1)
FNDA:3,CouponWalletTab
FNDA:1,(anonymous_3)
FNDA:0,(anonymous_4)
FNDA:0,(anonymous_5)
FNDA:0,(anonymous_6)
FNDA:2,(anonymous_7)
DA:12,9
DA:13,9
DA:14,9
DA:19,0
DA:29,4
DA:37,3
DA:38,3
DA:39,3
DA:40,3
DA:41,3
DA:42,3
DA:43,1
DA:46,3
DA:47,3
DA:48,3
DA:50,3
DA:51,2
DA:54,3
DA:82,4
LF:19
LH:18
BRDA:16,0,0,9
BRDA:16,0,1,3
BRF:2
BRH:2
end_of_record
TN:
SF:src\components\PLPComponent\FilterAndSort.jsx
FN:10,FilterAndSort
FN:35,(anonymous_1)
FNF:2
FNH:2
FNDA:1,FilterAndSort
FNDA:1,(anonymous_1)
DA:11,1
DA:12,1
DA:13,1
DA:14,1
DA:29,1
DA:30,1
DA:35,1
DA:36,1
DA:37,1
DA:40,1
DA:66,3
DA:83,3
LF:12
LH:12
BRF:0
BRH:0
end_of_record
TN:
SF:src\components\PLPComponent\Filter\BrandDropDown.jsx
FN:6,(anonymous_0)
FN:18,(anonymous_1)
FN:22,(anonymous_2)
FNF:3
FNH:3
FNDA:3,(anonymous_0)
FNDA:1,(anonymous_1)
FNDA:15,(anonymous_2)
DA:6,5
DA:7,3
DA:8,3
DA:10,3
DA:19,1
DA:23,15
DA:38,5
DA:45,5
LF:8
LH:8
BRDA:17,0,0,0
BRDA:17,0,1,3
BRF:2
BRH:1
end_of_record
TN:
SF:src\components\PLPComponent\Filter\Filter.jsx
FN:10,(anonymous_0)
FN:14,(anonymous_1)
FN:19,(anonymous_2)
FN:29,(anonymous_3)
FN:32,(anonymous_4)
FN:43,(anonymous_5)
FN:61,(anonymous_6)
FN:62,(anonymous_7)
FN:74,(anonymous_8)
FN:97,(anonymous_9)
FN:112,(anonymous_10)
FNF:11
FNH:11
FNDA:2,(anonymous_0)
FNDA:3,(anonymous_1)
FNDA:2,(anonymous_2)
FNDA:1,(anonymous_3)
FNDA:2,(anonymous_4)
FNDA:1,(anonymous_5)
FNDA:1,(anonymous_6)
FNDA:4,(anonymous_7)
FNDA:1,(anonymous_8)
FNDA:1,(anonymous_9)
FNDA:1,(anonymous_10)
DA:10,4
DA:11,2
DA:12,2
DA:14,2
DA:15,3
DA:16,3
DA:19,2
DA:20,2
DA:21,2
DA:22,2
DA:23,2
DA:24,0
DA:26,2
DA:29,2
DA:30,1
DA:32,2
DA:33,2
DA:34,2
DA:35,2
DA:36,2
DA:37,2
DA:38,2
DA:41,2
DA:43,1
DA:61,1
DA:63,4
DA:74,1
DA:97,1
DA:112,1
DA:136,4
LF:30
LH:29
BRDA:23,0,0,0
BRDA:23,0,1,2
BRDA:34,1,0,0
BRDA:34,1,1,2
BRDA:35,2,0,0
BRDA:35,2,1,2
BRDA:36,3,0,0
BRDA:36,3,1,2
BRDA:36,4,0,2
BRDA:36,4,1,2
BRDA:37,5,0,0
BRDA:37,5,1,2
BRDA:43,6,0,1
BRDA:43,6,1,1
BRDA:61,7,0,0
BRDA:61,7,1,2
BRDA:94,8,0,0
BRDA:94,8,1,2
BRDA:109,9,0,0
BRDA:109,9,1,2
BRF:20
BRH:12
end_of_record
TN:
SF:src\components\PLPComponent\Pagination\Pagination.jsx
FN:7,Pagination
FN:9,goToNextPage
FN:11,(anonymous_2)
FN:15,goToPreviousPage
FN:16,(anonymous_4)
FN:19,changePage
FN:24,(anonymous_6)
FN:33,(anonymous_7)
FN:36,(anonymous_8)
FN:48,(anonymous_9)
FNF:10
FNH:0
FNDA:0,Pagination
FNDA:0,goToNextPage
FNDA:0,(anonymous_2)
FNDA:0,goToPreviousPage
FNDA:0,(anonymous_4)
FNDA:0,changePage
FNDA:0,(anonymous_6)
FNDA:0,(anonymous_7)
FNDA:0,(anonymous_8)
FNDA:0,(anonymous_9)
DA:10,0
DA:11,0
DA:16,0
DA:20,0
DA:21,0
DA:24,0
DA:25,0
DA:26,0
DA:27,0
DA:28,0
DA:29,0
DA:33,0
DA:36,0
DA:37,0
DA:38,0
DA:39,0
DA:42,0
DA:49,0
DA:67,1
LF:19
LH:1
BRDA:10,0,0,0
BRDA:10,0,1,0
BRDA:26,1,0,0
BRDA:26,1,1,0
BRDA:27,2,0,0
BRDA:27,2,1,0
BRDA:38,3,0,0
BRDA:38,3,1,0
BRDA:38,4,0,0
BRDA:38,4,1,0
BRDA:38,4,2,0
BRDA:38,4,3,0
BRDA:45,5,0,0
BRDA:45,5,1,0
BRDA:49,6,0,0
BRDA:49,6,1,0
BRDA:57,7,0,0
BRDA:57,7,1,0
BRF:18
BRH:0
end_of_record
TN:
SF:src\components\PLPComponent\Tabs\PLPTabPanel.jsx
FN:7,PLPTabPanel
FN:14,(anonymous_1)
FNF:2
FNH:2
FNDA:1,PLPTabPanel
FNDA:1,(anonymous_1)
DA:8,1
DA:9,1
DA:10,1
DA:15,1
DA:25,3
LF:5
LH:5
BRDA:8,0,0,1
BRDA:8,0,1,1
BRDA:12,1,0,1
BRDA:12,1,1,1
BRF:4
BRH:4
end_of_record
TN:
SF:src\components\PLPComponent\Tabs\PLPTabs.jsx
FN:10,PLPTabs
FN:16,(anonymous_1)
FN:22,(anonymous_2)
FNF:3
FNH:3
FNDA:1,PLPTabs
FNDA:1,(anonymous_1)
FNDA:5,(anonymous_2)
DA:11,1
DA:12,1
DA:13,1
DA:15,1
DA:16,1
DA:17,1
DA:20,1
DA:23,5
DA:29,3
LF:9
LH:9
BRDA:15,0,0,1
BRDA:15,0,1,1
BRF:2
BRH:2
end_of_record
TN:
SF:src\components\common\Loader.js
FN:4,Loader
FNF:1
FNH:1
FNDA:3,Loader
DA:5,3
LF:1
LH:1
BRF:0
BRH:0
end_of_record
TN:
SF:src\components\common\Accordion\Simple\AccordionSimple.jsx
FN:14,(anonymous_0)
FNF:1
FNH:1
FNDA:5,(anonymous_0)
DA:14,3
DA:15,5
DA:21,5
DA:22,2
DA:24,5
DA:25,4
DA:26,4
DA:28,4
DA:46,3
LF:9
LH:9
BRDA:21,0,0,2
BRDA:21,0,1,3
BRDA:29,1,0,4
BRDA:29,1,1,2
BRDA:29,2,0,4
BRDA:29,2,1,2
BRF:6
BRH:6
end_of_record
TN:
SF:src\components\common\Card\Card.jsx
FN:10,ProductCard
FN:18,(anonymous_1)
FN:33,(anonymous_2)
FN:40,(anonymous_3)
FN:56,(anonymous_4)
FNF:5
FNH:5
FNDA:4,ProductCard
FNDA:1,(anonymous_1)
FNDA:3,(anonymous_2)
FNDA:3,(anonymous_3)
FNDA:1,(anonymous_4)
DA:11,4
DA:12,4
DA:13,4
DA:14,4
DA:15,4
DA:19,1
DA:20,1
DA:34,3
DA:41,3
DA:57,1
DA:58,1
DA:71,4
LF:12
LH:12
BRDA:23,0,0,4
BRDA:23,0,1,0
BRDA:23,1,0,4
BRDA:23,1,1,4
BRDA:24,2,0,4
BRDA:24,2,1,0
BRDA:33,3,0,4
BRDA:33,3,1,3
BRDA:40,4,0,4
BRDA:40,4,1,3
BRF:10
BRH:8
end_of_record
TN:
SF:src\components\common\Carousel\Carousel.jsx
FN:7,(anonymous_0)
FNF:1
FNH:1
FNDA:1,(anonymous_0)
DA:7,1
DA:8,1
DA:18,1
LF:3
LH:3
BRF:0
BRH:0
end_of_record
TN:
SF:src\components\common\DropDown\DropDown.js
FN:5,(anonymous_0)
FN:10,(anonymous_1)
FN:31,(anonymous_2)
FN:32,(anonymous_3)
FN:62,(anonymous_4)
FN:63,(anonymous_5)
FN:64,(anonymous_6)
FN:89,DropDown
FN:98,(anonymous_8)
FNF:9
FNH:8
FNDA:2,(anonymous_0)
FNDA:6,(anonymous_1)
FNDA:3,(anonymous_2)
FNDA:0,(anonymous_3)
FNDA:3,(anonymous_4)
FNDA:1,(anonymous_5)
FNDA:2,(anonymous_6)
FNDA:3,DropDown
FNDA:3,(anonymous_8)
DA:5,4
DA:6,2
DA:10,6
DA:30,4
DA:31,3
DA:33,0
DA:34,0
DA:62,3
DA:63,1
DA:64,2
DA:66,4
DA:90,3
DA:98,3
DA:112,4
DA:116,4
LF:15
LH:13
BRDA:10,0,0,5
BRDA:36,1,0,0
BRDA:36,1,1,0
BRDA:38,2,0,0
BRDA:38,2,1,0
BRDA:40,3,0,0
BRDA:40,3,1,0
BRDA:43,4,0,0
BRDA:43,4,1,0
BRDA:45,5,0,0
BRDA:45,5,1,0
BRDA:46,6,0,0
BRDA:46,6,1,0
BRDA:50,7,0,0
BRDA:50,7,1,0
BRDA:54,8,0,0
BRDA:54,8,1,0
BRDA:55,9,0,0
BRDA:55,9,1,0
BRF:19
BRH:1
end_of_record
TN:
SF:src\components\common\Filter\Filter.jsx
FN:10,(anonymous_0)
FN:16,(anonymous_1)
FN:20,(anonymous_2)
FN:32,(anonymous_3)
FN:45,(anonymous_4)
FN:47,(anonymous_5)
FN:73,(anonymous_6)
FNF:7
FNH:0
FNDA:0,(anonymous_0)
FNDA:0,(anonymous_1)
FNDA:0,(anonymous_2)
FNDA:0,(anonymous_3)
FNDA:0,(anonymous_4)
FNDA:0,(anonymous_5)
FNDA:0,(anonymous_6)
DA:10,0
DA:12,0
DA:14,0
DA:16,0
DA:17,0
DA:18,0
DA:20,0
DA:21,0
DA:22,0
DA:23,0
DA:24,0
DA:25,0
DA:26,0
DA:27,0
DA:30,0
DA:32,0
DA:45,0
DA:48,0
DA:73,0
DA:120,0
LF:20
LH:0
BRDA:22,0,0,0
BRDA:22,0,1,0
BRDA:23,1,0,0
BRDA:23,1,1,0
BRDA:24,2,0,0
BRDA:24,2,1,0
BRDA:25,3,0,0
BRDA:25,3,1,0
BRDA:25,4,0,0
BRDA:25,4,1,0
BRDA:26,5,0,0
BRDA:26,5,1,0
BRDA:32,6,0,0
BRDA:32,6,1,0
BRDA:45,7,0,0
BRDA:45,7,1,0
BRDA:72,8,0,0
BRDA:72,8,1,0
BRDA:92,9,0,0
BRDA:92,9,1,0
BRDA:99,10,0,0
BRDA:99,10,1,0
BRF:22
BRH:0
end_of_record
TN:
SF:src\components\common\Filter\SliderMinMax.jsx
FN:6,(anonymous_0)
FN:10,(anonymous_1)
FNF:2
FNH:0
FNDA:0,(anonymous_0)
FNDA:0,(anonymous_1)
DA:6,0
DA:7,0
DA:8,0
DA:10,0
DA:11,0
DA:12,0
DA:18,0
LF:7
LH:0
BRDA:49,0,0,0
BRDA:49,0,1,0
BRDA:65,1,0,0
BRDA:65,1,1,0
BRF:4
BRH:0
end_of_record
TN:
SF:src\components\common\ModalComponent\ModalComp.js
FN:12,(anonymous_0)
FN:16,(anonymous_1)
FN:39,(anonymous_2)
FN:45,(anonymous_3)
FNF:4
FNH:1
FNDA:1,(anonymous_0)
FNDA:0,(anonymous_1)
FNDA:0,(anonymous_2)
FNDA:0,(anonymous_3)
DA:12,6
DA:13,1
DA:14,1
DA:15,1
DA:16,0
DA:39,0
DA:46,0
LF:7
LH:4
BRDA:21,0,0,1
BRDA:21,0,1,1
BRDA:24,1,0,1
BRDA:24,1,1,1
BRDA:28,2,0,1
BRDA:28,2,1,1
BRDA:34,3,0,1
BRDA:34,3,1,1
BRDA:38,4,0,1
BRDA:38,4,1,1
BRDA:44,5,0,1
BRDA:44,5,1,1
BRF:12
BRH:12
end_of_record
TN:
SF:src\components\common\MultipleButtonsSelection\SelectButton.js
FN:7,SelectButton
FN:9,(anonymous_1)
FN:13,updateButtons
FN:16,(anonymous_3)
FN:38,(anonymous_4)
FNF:5
FNH:5
FNDA:7,SelectButton
FNDA:4,(anonymous_1)
FNDA:8,updateButtons
FNDA:6,(anonymous_3)
FNDA:4,(anonymous_4)
DA:8,7
DA:9,7
DA:10,4
DA:14,8
DA:15,8
DA:16,6
DA:17,6
DA:35,8
DA:38,7
DA:39,4
DA:42,7
DA:45,4
LF:12
LH:12
BRDA:15,0,0,6
BRDA:15,0,1,2
BRDA:22,1,0,0
BRDA:22,1,1,6
BRDA:26,2,0,6
BRDA:26,2,1,0
BRF:6
BRH:4
end_of_record
TN:
SF:src\components\common\Pagination\Pagination.js
FN:7,Pagination
FN:17,goToNextPage
FN:19,(anonymous_2)
FN:23,goToPreviousPage
FN:24,(anonymous_4)
FN:27,changePage
FN:33,(anonymous_6)
FN:43,(anonymous_7)
FN:46,(anonymous_8)
FN:70,(anonymous_9)
FNF:10
FNH:0
FNDA:0,Pagination
FNDA:0,goToNextPage
FNDA:0,(anonymous_2)
FNDA:0,goToPreviousPage
FNDA:0,(anonymous_4)
FNDA:0,changePage
FNDA:0,(anonymous_6)
FNDA:0,(anonymous_7)
FNDA:0,(anonymous_8)
FNDA:0,(anonymous_9)
DA:15,0
DA:18,0
DA:19,0
DA:24,0
DA:28,0
DA:29,0
DA:33,0
DA:34,0
DA:36,0
DA:37,0
DA:38,0
DA:39,0
DA:43,0
DA:46,0
DA:47,0
DA:48,0
DA:54,0
DA:56,0
DA:58,0
DA:71,0
DA:98,3
LF:21
LH:1
BRDA:18,0,0,0
BRDA:18,0,1,0
BRDA:36,1,0,0
BRDA:36,1,1,0
BRDA:37,2,0,0
BRDA:37,2,1,0
BRDA:48,3,0,0
BRDA:48,3,1,0
BRDA:49,4,0,0
BRDA:49,4,1,0
BRDA:49,4,2,0
BRDA:49,4,3,0
BRDA:64,5,0,0
BRDA:64,5,1,0
BRDA:75,6,0,0
BRDA:75,6,1,0
BRDA:87,7,0,0
BRDA:87,7,1,0
BRF:18
BRH:0
end_of_record
TN:
SF:src\components\common\Sort\Sort.jsx
FN:8,(anonymous_0)
FN:23,(anonymous_1)
FN:24,(anonymous_2)
FNF:3
FNH:3
FNDA:2,(anonymous_0)
FNDA:1,(anonymous_1)
FNDA:2,(anonymous_2)
DA:8,4
DA:9,2
DA:10,2
DA:12,2
DA:23,1
DA:25,2
DA:37,4
LF:7
LH:7
BRDA:23,0,0,2
BRDA:23,0,1,0
BRF:2
BRH:1
end_of_record
TN:
SF:src\components\common\Title\TitleWithTags.jsx
FN:6,(anonymous_0)
FNF:1
FNH:1
FNDA:1,(anonymous_0)
DA:6,3
DA:7,1
DA:8,1
DA:9,1
DA:16,3
LF:5
LH:5
BRDA:8,0,0,1
BRDA:8,0,1,0
BRF:2
BRH:1
end_of_record
TN:
SF:src\config\env\dev.js
FNF:0
FNH:0
DA:1,22
LF:1
LH:1
BRF:0
BRH:0
end_of_record
TN:
SF:src\config\env\local.js
FNF:0
FNH:0
DA:1,22
LF:1
LH:1
BRF:0
BRH:0
end_of_record
TN:
SF:src\config\env\preprod.js
FNF:0
FNH:0
DA:1,22
LF:1
LH:1
BRF:0
BRH:0
end_of_record
TN:
SF:src\config\env\prod.js
FNF:0
FNH:0
DA:1,22
LF:1
LH:1
BRF:0
BRH:0
end_of_record
TN:
SF:src\config\env\sit.js
FNF:0
FNH:0
DA:1,22
LF:1
LH:1
BRF:0
BRH:0
end_of_record
TN:
SF:src\layout\common\BoxContainer\Container.jsx
FN:6,(anonymous_0)
FNF:1
FNH:1
FNDA:1,(anonymous_0)
DA:6,6
DA:7,1
DA:8,1
DA:9,1
DA:10,1
LF:5
LH:5
BRDA:14,0,0,1
BRDA:14,0,1,0
BRF:2
BRH:1
end_of_record
TN:
SF:src\layout\common\CenteredContent\CenteredContent.jsx
FN:4,(anonymous_0)
FNF:1
FNH:1
FNDA:1,(anonymous_0)
DA:4,6
DA:5,1
DA:6,1
LF:3
LH:3
BRF:0
BRH:0
end_of_record
TN:
SF:src\layout\common\MaterialUIThemeProvider\LabelTheme.js
FN:5,(anonymous_0)
FNF:1
FNH:1
FNDA:120,(anonymous_0)
DA:5,3
DA:6,120
DA:9,120
LF:3
LH:3
BRF:0
BRH:0
end_of_record
TN:
SF:src\pages\AddressComponent\AddressCard.jsx
FN:18,(anonymous_0)
FN:27,(anonymous_1)
FN:29,(anonymous_2)
FN:38,(anonymous_3)
FN:52,(anonymous_4)
FN:83,(anonymous_5)
FNF:6
FNH:3
FNDA:2,(anonymous_0)
FNDA:2,(anonymous_1)
FNDA:0,(anonymous_2)
FNDA:2,(anonymous_3)
FNDA:0,(anonymous_4)
FNDA:0,(anonymous_5)
DA:18,4
DA:19,2
DA:20,2
DA:21,2
DA:22,2
DA:23,2
DA:24,2
DA:26,2
DA:27,2
DA:28,2
DA:30,0
DA:36,2
DA:38,2
DA:39,2
DA:40,2
DA:43,2
DA:44,2
DA:46,2
DA:53,0
DA:56,0
DA:64,2
DA:84,0
DA:97,4
LF:23
LH:19
BRDA:36,0,0,2
BRDA:36,0,1,0
BRDA:40,1,0,1
BRDA:40,1,1,1
BRDA:50,2,0,2
BRDA:50,2,1,0
BRDA:70,3,0,2
BRDA:70,3,1,0
BRDA:70,3,2,0
BRDA:74,4,0,2
BRDA:74,4,1,0
BRDA:79,5,0,0
BRDA:79,5,1,2
BRDA:81,6,0,0
BRDA:81,6,1,0
BRDA:90,7,0,2
BRDA:90,7,1,2
BRF:17
BRH:9
end_of_record
TN:
SF:src\pages\AddressComponent\CreateAddressForm.jsx
FN:32,(anonymous_0)
FN:35,(anonymous_1)
FN:42,(anonymous_2)
FN:50,(anonymous_3)
FN:51,(anonymous_4)
FN:56,(anonymous_5)
FN:59,(anonymous_6)
FN:112,(anonymous_7)
FN:113,(anonymous_8)
FN:119,(anonymous_9)
FN:122,(anonymous_10)
FN:125,(anonymous_11)
FN:128,(anonymous_12)
FN:218,(anonymous_13)
FN:248,(anonymous_14)
FN:258,(anonymous_15)
FN:271,(anonymous_16)
FN:275,(anonymous_17)
FN:285,(anonymous_18)
FN:302,(anonymous_19)
FN:303,(anonymous_20)
FN:319,(anonymous_21)
FN:320,(anonymous_22)
FN:334,(anonymous_23)
FN:335,(anonymous_24)
FN:348,(anonymous_25)
FN:358,(anonymous_26)
FN:359,(anonymous_27)
FN:388,(anonymous_28)
FN:389,(anonymous_29)
FN:405,(anonymous_30)
FN:406,(anonymous_31)
FN:432,(anonymous_32)
FN:434,(anonymous_33)
FNF:34
FNH:30
FNDA:42,(anonymous_0)
FNDA:61,(anonymous_1)
FNDA:0,(anonymous_2)
FNDA:0,(anonymous_3)
FNDA:0,(anonymous_4)
FNDA:31,(anonymous_5)
FNDA:0,(anonymous_6)
FNDA:11,(anonymous_7)
FNDA:11,(anonymous_8)
FNDA:121,(anonymous_9)
FNDA:2643,(anonymous_10)
FNDA:1,(anonymous_11)
FNDA:3,(anonymous_12)
FNDA:1,(anonymous_13)
FNDA:1,(anonymous_14)
FNDA:1,(anonymous_15)
FNDA:1,(anonymous_16)
FNDA:120,(anonymous_17)
FNDA:4,(anonymous_18)
FNDA:1,(anonymous_19)
FNDA:1,(anonymous_20)
FNDA:1,(anonymous_21)
FNDA:1,(anonymous_22)
FNDA:1,(anonymous_23)
FNDA:1,(anonymous_24)
FNDA:720,(anonymous_25)
FNDA:12,(anonymous_26)
FNDA:12,(anonymous_27)
FNDA:1,(anonymous_28)
FNDA:1,(anonymous_29)
FNDA:1,(anonymous_30)
FNDA:1,(anonymous_31)
FNDA:1140,(anonymous_32)
FNDA:408,(anonymous_33)
DA:20,3
DA:31,3
DA:32,42
DA:35,3
DA:36,61
DA:37,60
DA:38,60
DA:39,60
DA:41,60
DA:43,0
DA:44,0
DA:48,60
DA:50,60
DA:51,0
DA:52,0
DA:56,60
DA:57,31
DA:59,60
DA:60,0
DA:61,0
DA:91,0
DA:100,0
DA:101,0
DA:102,0
DA:105,0
DA:112,60
DA:113,11
DA:118,60
DA:119,60
DA:120,121
DA:122,60
DA:123,2643
DA:125,60
DA:126,1
DA:128,60
DA:129,3
DA:134,60
DA:219,1
DA:248,1
DA:258,1
DA:271,1
DA:276,120
DA:285,4
DA:303,1
DA:320,1
DA:335,1
DA:349,720
DA:359,12
DA:389,1
DA:406,1
DA:432,1140
DA:434,408
LF:52
LH:41
BRDA:52,0,0,0
BRDA:52,0,1,0
BRDA:100,1,0,0
BRDA:100,1,1,0
BRDA:120,2,0,0
BRDA:120,2,1,121
BRDA:123,3,0,2643
BRDA:123,3,1,0
BRDA:238,4,0,29
BRDA:238,4,1,31
BRDA:293,5,0,29
BRDA:293,5,1,31
BRDA:432,6,0,60
BRDA:432,6,1,60
BRF:14
BRH:8
end_of_record
TN:
SF:src\pages\AddressComponent\EditAddressFrom.jsx
FN:35,EditAddressForm
FN:44,(anonymous_1)
FN:52,(anonymous_2)
FN:58,(anonymous_3)
FN:62,(anonymous_4)
FN:62,(anonymous_5)
FN:66,(anonymous_6)
FN:66,(anonymous_7)
FN:70,(anonymous_8)
FN:70,(anonymous_9)
FN:82,(anonymous_10)
FN:86,(anonymous_11)
FN:91,(anonymous_12)
FN:104,(anonymous_13)
FN:118,(anonymous_14)
FN:125,(anonymous_15)
FN:130,(anonymous_16)
FN:135,(anonymous_17)
FN:140,(anonymous_18)
FN:171,(anonymous_19)
FN:178,(anonymous_20)
FN:179,(anonymous_21)
FN:185,(anonymous_22)
FN:189,(anonymous_23)
FN:194,(anonymous_24)
FNF:25
FNH:11
FNDA:3,EditAddressForm
FNDA:1,(anonymous_1)
FNDA:1,(anonymous_2)
FNDA:0,(anonymous_3)
FNDA:0,(anonymous_4)
FNDA:0,(anonymous_5)
FNDA:0,(anonymous_6)
FNDA:0,(anonymous_7)
FNDA:0,(anonymous_8)
FNDA:0,(anonymous_9)
FNDA:0,(anonymous_10)
FNDA:0,(anonymous_11)
FNDA:0,(anonymous_12)
FNDA:0,(anonymous_13)
FNDA:0,(anonymous_14)
FNDA:16,(anonymous_15)
FNDA:10,(anonymous_16)
FNDA:6,(anonymous_17)
FNDA:2,(anonymous_18)
FNDA:16,(anonymous_19)
FNDA:10,(anonymous_20)
FNDA:6,(anonymous_21)
FNDA:0,(anonymous_22)
FNDA:2,(anonymous_23)
FNDA:0,(anonymous_24)
DA:36,3
DA:37,3
DA:38,3
DA:39,3
DA:40,3
DA:41,3
DA:42,3
DA:44,3
DA:45,1
DA:52,3
DA:53,1
DA:54,1
DA:58,3
DA:59,0
DA:62,3
DA:63,0
DA:66,3
DA:67,0
DA:70,3
DA:71,0
DA:72,0
DA:73,0
DA:81,3
DA:83,0
DA:84,0
DA:87,0
DA:91,3
DA:92,0
DA:93,0
DA:94,0
DA:95,0
DA:96,0
DA:104,3
DA:105,0
DA:106,0
DA:119,0
DA:120,0
DA:121,0
DA:123,0
DA:125,3
DA:126,16
DA:127,0
DA:128,16
DA:130,3
DA:131,10
DA:132,0
DA:133,10
DA:135,3
DA:136,6
DA:137,0
DA:138,6
DA:140,3
DA:141,2
DA:142,2
DA:143,2
DA:149,0
DA:150,2
DA:151,2
DA:157,0
DA:158,2
DA:159,2
DA:160,0
DA:161,2
DA:162,2
DA:171,16
DA:172,2
DA:178,10
DA:179,2
DA:180,6
DA:182,2
DA:185,3
DA:186,0
DA:189,3
DA:190,2
DA:193,3
DA:194,3
DA:195,0
DA:197,3
LF:78
LH:50
BRDA:53,0,0,1
BRDA:53,0,1,0
BRDA:119,1,0,0
BRDA:119,1,1,0
BRDA:126,2,0,0
BRDA:126,2,1,16
BRDA:126,3,0,16
BRDA:126,3,1,0
BRDA:131,4,0,0
BRDA:131,4,1,10
BRDA:131,5,0,10
BRDA:131,5,1,10
BRDA:136,6,0,0
BRDA:136,6,1,6
BRDA:136,7,0,6
BRDA:136,7,1,0
BRDA:143,8,0,0
BRDA:143,8,1,2
BRDA:144,9,0,2
BRDA:144,9,1,2
BRDA:151,10,0,0
BRDA:151,10,1,2
BRDA:152,11,0,2
BRDA:152,11,1,2
BRDA:152,11,2,2
BRDA:152,11,3,0
BRDA:159,12,0,0
BRDA:159,12,1,2
BRDA:159,13,0,2
BRDA:159,13,1,2
BRDA:159,13,2,0
BRDA:195,14,0,0
BRDA:195,14,1,0
BRDA:199,15,0,0
BRDA:199,15,1,3
BRDA:199,16,0,3
BRDA:199,16,1,0
BRDA:296,17,0,0
BRDA:296,17,1,0
BRDA:340,18,0,0
BRDA:340,18,1,0
BRDA:407,19,0,0
BRDA:407,19,1,0
BRDA:432,20,0,0
BRDA:432,20,1,0
BRF:45
BRH:20
end_of_record
TN:
SF:src\pages\AddressComponent\FormFields.jsx
FNF:0
FNH:0
DA:1,3
DA:15,3
LF:2
LH:2
BRF:0
BRH:0
end_of_record
TN:
SF:src\pages\AddressComponent\Validation.jsx
FN:16,(anonymous_0)
FN:18,(anonymous_1)
FN:26,(anonymous_2)
FN:32,(anonymous_3)
FN:38,(anonymous_4)
FN:44,(anonymous_5)
FN:50,(anonymous_6)
FN:65,(anonymous_7)
FN:68,(anonymous_8)
FN:76,(anonymous_9)
FN:84,(anonymous_10)
FNF:11
FNH:9
FNDA:60,(anonymous_0)
FNDA:840,(anonymous_1)
FNDA:155,(anonymous_2)
FNDA:0,(anonymous_3)
FNDA:186,(anonymous_4)
FNDA:186,(anonymous_5)
FNDA:31,(anonymous_6)
FNDA:155,(anonymous_7)
FNDA:0,(anonymous_8)
FNDA:186,(anonymous_9)
FNDA:186,(anonymous_10)
DA:16,3
DA:17,60
DA:18,60
DA:19,840
DA:20,292
DA:21,548
DA:23,60
DA:26,3
DA:27,155
DA:28,155
DA:29,0
DA:30,155
DA:32,3
DA:33,0
DA:34,0
DA:35,0
DA:36,0
DA:38,3
DA:39,186
DA:40,186
DA:41,0
DA:42,186
DA:44,3
DA:45,186
DA:46,186
DA:47,0
DA:48,186
DA:50,3
DA:51,31
DA:52,31
DA:53,31
DA:54,0
DA:55,31
DA:57,31
DA:58,0
DA:59,31
DA:62,31
DA:63,0
DA:64,31
DA:65,31
DA:66,155
DA:68,31
DA:69,31
DA:76,186
DA:77,31
DA:84,186
DA:85,31
LF:47
LH:37
BRDA:19,0,0,292
BRDA:19,0,1,548
BRDA:19,1,0,840
BRDA:19,1,1,480
BRDA:28,2,0,0
BRDA:28,2,1,155
BRDA:28,3,0,155
BRDA:28,3,1,0
BRDA:34,4,0,0
BRDA:34,4,1,0
BRDA:34,5,0,0
BRDA:34,5,1,0
BRDA:40,6,0,0
BRDA:40,6,1,186
BRDA:40,7,0,186
BRDA:40,7,1,142
BRDA:46,8,0,0
BRDA:46,8,1,186
BRDA:46,9,0,186
BRDA:46,9,1,0
BRDA:53,10,0,0
BRDA:53,10,1,31
BRDA:53,11,0,31
BRDA:53,11,1,12
BRDA:57,12,0,0
BRDA:57,12,1,31
BRDA:57,13,0,31
BRDA:57,13,1,10
BRDA:62,14,0,0
BRDA:62,14,1,31
BRDA:62,15,0,31
BRDA:62,15,1,0
BRDA:62,15,2,31
BRF:33
BRH:20
end_of_record
TN:
SF:src\pages\CouponComponent\UserManagemanentTab.jsx
FN:9,UserIcon
FN:34,CartIcon
FN:59,CouponIcon
FN:78,a11yProps
FN:85,TabPanel
FN:97,UserManagemanentTab
FN:101,(anonymous_6)
FNF:7
FNH:6
FNDA:2,UserIcon
FNDA:2,CartIcon
FNDA:2,CouponIcon
FNDA:3,a11yProps
FNDA:3,TabPanel
FNDA:1,UserManagemanentTab
FNDA:0,(anonymous_6)
DA:10,2
DA:30,3
DA:35,2
DA:55,3
DA:60,2
DA:74,3
DA:79,3
DA:86,3
DA:88,3
DA:91,3
DA:98,1
DA:99,1
DA:100,1
DA:101,1
DA:102,0
DA:104,1
DA:149,3
LF:17
LH:16
BRDA:17,0,0,0
BRDA:17,0,1,2
BRDA:23,1,0,0
BRDA:23,1,1,2
BRDA:42,2,0,0
BRDA:42,2,1,2
BRDA:48,3,0,0
BRDA:48,3,1,2
BRDA:67,4,0,2
BRDA:67,4,1,0
BRDA:88,5,0,3
BRDA:88,5,1,1
BRDA:99,6,0,1
BRDA:99,6,1,1
BRDA:117,7,0,1
BRDA:117,7,1,0
BRDA:118,8,0,0
BRDA:118,8,1,1
BRDA:123,9,0,1
BRDA:123,9,1,0
BRDA:123,10,0,0
BRDA:123,10,1,1
BRDA:125,11,0,1
BRDA:125,11,1,1
BRDA:126,12,0,1
BRDA:126,12,1,0
BRF:26
BRH:16
end_of_record
TN:
SF:src\pages\PLPComponent\ProductList.jsx
FN:15,ProductList
FN:17,(anonymous_1)
FN:18,(anonymous_2)
FN:19,(anonymous_3)
FN:20,(anonymous_4)
FN:40,(anonymous_5)
FN:46,(anonymous_6)
FN:60,(anonymous_7)
FN:64,(anonymous_8)
FN:75,(anonymous_9)
FN:103,(anonymous_10)
FN:109,(anonymous_11)
FN:114,(anonymous_12)
FN:159,(anonymous_13)
FNF:14
FNH:0
FNDA:0,ProductList
FNDA:0,(anonymous_1)
FNDA:0,(anonymous_2)
FNDA:0,(anonymous_3)
FNDA:0,(anonymous_4)
FNDA:0,(anonymous_5)
FNDA:0,(anonymous_6)
FNDA:0,(anonymous_7)
FNDA:0,(anonymous_8)
FNDA:0,(anonymous_9)
FNDA:0,(anonymous_10)
FNDA:0,(anonymous_11)
FNDA:0,(anonymous_12)
FNDA:0,(anonymous_13)
DA:16,0
DA:17,0
DA:18,0
DA:19,0
DA:20,0
DA:22,0
DA:23,0
DA:24,0
DA:25,0
DA:26,0
DA:27,0
DA:28,0
DA:29,0
DA:30,0
DA:31,0
DA:33,0
DA:34,0
DA:35,0
DA:36,0
DA:38,0
DA:41,0
DA:42,0
DA:46,0
DA:47,0
DA:48,0
DA:49,0
DA:55,0
DA:60,0
DA:61,0
DA:64,0
DA:65,0
DA:66,0
DA:67,0
DA:68,0
DA:70,0
DA:72,0
DA:75,0
DA:76,0
DA:77,0
DA:78,0
DA:79,0
DA:81,0
DA:82,0
DA:84,0
DA:85,0
DA:87,0
DA:88,0
DA:90,0
DA:91,0
DA:93,0
DA:95,0
DA:96,0
DA:97,0
DA:99,0
DA:103,0
DA:104,0
DA:105,0
DA:106,0
DA:109,0
DA:110,0
DA:111,0
DA:114,0
DA:115,0
DA:116,0
DA:119,0
LF:65
LH:0
BRDA:35,0,0,0
BRDA:35,0,1,0
BRDA:36,1,0,0
BRDA:36,1,1,0
BRDA:48,2,0,0
BRDA:48,2,1,0
BRDA:66,3,0,0
BRDA:66,3,1,0
BRDA:79,4,0,0
BRDA:79,4,1,0
BRDA:79,4,2,0
BRDA:79,4,3,0
BRDA:79,4,4,0
BRDA:95,5,0,0
BRDA:95,5,1,0
BRDA:121,6,0,0
BRDA:121,6,1,0
BRF:17
BRH:0
end_of_record
TN:
SF:src\pages\Promotion\BestBuy\BestBuy.js
FN:9,BestBuy
FN:12,(anonymous_1)
FN:17,(anonymous_2)
FN:30,(anonymous_3)
FN:45,(anonymous_4)
FN:62,(anonymous_5)
FN:78,(anonymous_6)
FN:89,(anonymous_7)
FNF:8
FNH:0
FNDA:0,BestBuy
FNDA:0,(anonymous_1)
FNDA:0,(anonymous_2)
FNDA:0,(anonymous_3)
FNDA:0,(anonymous_4)
FNDA:0,(anonymous_5)
FNDA:0,(anonymous_6)
FNDA:0,(anonymous_7)
DA:10,0
DA:11,0
DA:12,0
DA:13,0
DA:15,0
DA:17,0
DA:18,0
DA:20,0
DA:28,0
DA:29,0
DA:30,0
DA:31,0
DA:37,0
DA:41,0
DA:42,0
DA:43,0
DA:44,0
DA:45,0
DA:46,0
DA:53,0
DA:58,0
DA:59,0
DA:60,0
DA:61,0
DA:62,0
DA:63,0
DA:69,0
DA:75,0
DA:78,0
DA:79,0
DA:80,0
DA:81,0
DA:82,0
DA:83,0
DA:86,0
DA:89,0
DA:90,0
DA:91,0
DA:92,0
DA:93,0
DA:94,0
DA:98,0
DA:101,0
LF:43
LH:0
BRDA:20,0,0,0
BRDA:20,0,1,0
BRDA:21,1,0,0
BRDA:21,1,1,0
BRDA:21,1,2,0
BRDA:21,1,3,0
BRDA:21,1,4,0
BRDA:21,1,5,0
BRDA:28,2,0,0
BRDA:28,2,1,0
BRDA:28,3,0,0
BRDA:28,3,1,0
BRDA:31,4,0,0
BRDA:31,4,1,0
BRDA:41,5,0,0
BRDA:41,5,1,0
BRDA:44,6,0,0
BRDA:44,6,1,0
BRDA:46,7,0,0
BRDA:46,7,1,0
BRDA:58,8,0,0
BRDA:58,8,1,0
BRDA:61,9,0,0
BRDA:61,9,1,0
BRDA:63,10,0,0
BRDA:63,10,1,0
BRDA:81,11,0,0
BRDA:81,11,1,0
BRDA:92,12,0,0
BRDA:92,12,1,0
BRF:30
BRH:0
end_of_record
TN:
SF:src\pages\Promotion\CommonSections\Filter\Filter.jsx
FN:20,(anonymous_0)
FN:22,Filter
FN:41,(anonymous_2)
FN:55,(anonymous_3)
FN:59,(anonymous_4)
FN:66,(anonymous_5)
FN:73,(anonymous_6)
FN:80,(anonymous_7)
FN:84,(anonymous_8)
FN:88,(anonymous_9)
FN:93,(anonymous_10)
FN:98,(anonymous_11)
FN:101,(anonymous_12)
FN:104,(anonymous_13)
FN:113,(anonymous_14)
FN:129,(anonymous_15)
FN:148,createObjects
FN:152,(anonymous_17)
FN:171,(anonymous_18)
FNF:19
FNH:10
FNDA:8,(anonymous_0)
FNDA:3,Filter
FNDA:43,(anonymous_2)
FNDA:1,(anonymous_3)
FNDA:0,(anonymous_4)
FNDA:0,(anonymous_5)
FNDA:0,(anonymous_6)
FNDA:0,(anonymous_7)
FNDA:0,(anonymous_8)
FNDA:0,(anonymous_9)
FNDA:0,(anonymous_10)
FNDA:0,(anonymous_11)
FNDA:9,(anonymous_12)
FNDA:9,(anonymous_13)
FNDA:1,(anonymous_14)
FNDA:0,(anonymous_15)
FNDA:6,createObjects
FNDA:6,(anonymous_17)
FNDA:8,(anonymous_18)
DA:20,8
DA:23,3
DA:24,2
DA:25,2
DA:26,2
DA:27,2
DA:28,2
DA:29,2
DA:30,2
DA:31,2
DA:32,2
DA:33,2
DA:35,2
DA:38,2
DA:41,2
DA:42,43
DA:45,2
DA:47,2
DA:50,2
DA:51,2
DA:53,2
DA:54,2
DA:55,2
DA:56,1
DA:59,2
DA:60,0
DA:66,2
DA:67,0
DA:73,2
DA:74,0
DA:80,2
DA:81,0
DA:84,2
DA:85,0
DA:88,2
DA:89,0
DA:90,0
DA:91,0
DA:93,2
DA:94,0
DA:95,0
DA:96,0
DA:98,2
DA:99,0
DA:101,2
DA:102,9
DA:103,9
DA:104,9
DA:105,9
DA:106,0
DA:110,9
DA:113,2
DA:114,1
DA:129,2
DA:130,0
DA:131,0
DA:132,0
DA:133,0
DA:149,6
DA:150,6
DA:151,6
DA:152,6
DA:153,6
DA:156,6
DA:158,2
DA:159,2
DA:166,0
DA:169,2
DA:170,2
DA:171,2
DA:172,8
DA:173,8
DA:180,2
DA:334,3
LF:74
LH:56
BRDA:42,0,0,43
BRDA:42,0,1,0
BRDA:45,1,0,2
BRDA:45,1,1,0
BRDA:47,2,0,2
BRDA:47,2,1,0
BRDA:103,3,0,9
BRDA:103,3,1,0
BRDA:105,4,0,0
BRDA:105,4,1,9
BRDA:151,5,0,6
BRDA:151,5,1,0
BRDA:159,6,0,0
BRDA:159,6,1,2
BRDA:160,7,0,2
BRDA:160,7,1,2
BRDA:160,7,2,2
BRDA:160,7,3,2
BRDA:160,7,4,2
BRDA:186,8,0,2
BRDA:186,8,1,0
BRDA:257,9,0,0
BRDA:257,9,1,2
BRDA:275,10,0,0
BRDA:275,10,1,2
BRDA:302,11,0,2
BRDA:302,11,1,0
BRF:27
BRH:16
end_of_record
TN:
SF:src\pages\Promotion\CommonSections\Filter\FilterButtonsTest.jsx
FN:16,(anonymous_0)
FNF:1
FNH:0
FNDA:0,(anonymous_0)
DA:10,0
DA:16,0
DA:17,0
LF:3
LH:0
BRF:0
BRH:0
end_of_record
TN:
SF:src\pages\Promotion\CommonSections\TableCatlog\FilteringData.js
FN:1,(anonymous_0)
FN:12,(anonymous_1)
FN:14,(anonymous_2)
FN:15,(anonymous_3)
FN:29,FilteringData
FN:40,(anonymous_5)
FN:50,(anonymous_6)
FN:61,(anonymous_7)
FN:72,(anonymous_8)
FN:93,(anonymous_9)
FN:105,(anonymous_10)
FN:114,(anonymous_11)
FN:118,(anonymous_12)
FNF:13
FNH:2
FNDA:0,(anonymous_0)
FNDA:0,(anonymous_1)
FNDA:0,(anonymous_2)
FNDA:0,(anonymous_3)
FNDA:3,FilteringData
FNDA:0,(anonymous_5)
FNDA:0,(anonymous_6)
FNDA:0,(anonymous_7)
FNDA:0,(anonymous_8)
FNDA:6,(anonymous_9)
FNDA:0,(anonymous_10)
FNDA:0,(anonymous_11)
FNDA:0,(anonymous_12)
DA:1,3
DA:2,0
DA:3,0
DA:4,0
DA:5,0
DA:6,0
DA:9,0
DA:12,3
DA:13,0
DA:14,0
DA:15,0
DA:16,0
DA:18,0
DA:20,0
DA:21,0
DA:22,0
DA:23,0
DA:26,0
DA:30,3
DA:31,3
DA:32,3
DA:38,0
DA:39,0
DA:40,0
DA:41,0
DA:42,0
DA:46,0
DA:47,0
DA:48,0
DA:49,0
DA:50,0
DA:51,0
DA:52,0
DA:57,0
DA:58,0
DA:59,0
DA:60,0
DA:61,0
DA:62,0
DA:63,0
DA:68,0
DA:69,0
DA:70,0
DA:71,0
DA:72,0
DA:73,0
DA:77,0
DA:84,3
DA:85,3
DA:86,2
DA:87,2
DA:89,3
DA:90,3
DA:91,3
DA:92,3
DA:93,3
DA:94,6
DA:95,6
DA:101,3
DA:102,0
DA:103,0
DA:104,0
DA:105,0
DA:106,0
DA:107,0
DA:113,3
DA:114,0
DA:117,3
DA:118,0
DA:121,3
DA:123,3
DA:124,3
DA:125,3
DA:126,3
DA:130,3
DA:132,3
DA:133,3
LF:77
LH:27
BRDA:4,0,0,0
BRDA:4,0,1,0
BRDA:21,1,0,0
BRDA:21,1,1,0
BRDA:32,2,0,0
BRDA:32,2,1,3
BRDA:33,3,0,3
BRDA:33,3,1,3
BRDA:33,3,2,3
BRDA:33,3,3,3
BRDA:33,3,4,3
BRDA:33,3,5,0
BRDA:38,4,0,0
BRDA:38,4,1,0
BRDA:41,5,0,0
BRDA:41,5,1,0
BRDA:46,6,0,0
BRDA:46,6,1,0
BRDA:49,7,0,0
BRDA:49,7,1,0
BRDA:51,8,0,0
BRDA:51,8,1,0
BRDA:57,9,0,0
BRDA:57,9,1,0
BRDA:60,10,0,0
BRDA:60,10,1,0
BRDA:62,11,0,0
BRDA:62,11,1,0
BRDA:68,12,0,0
BRDA:68,12,1,0
BRDA:71,13,0,0
BRDA:71,13,1,0
BRDA:73,14,0,0
BRDA:73,14,1,0
BRDA:74,15,0,0
BRDA:74,15,1,0
BRDA:85,16,0,2
BRDA:85,16,1,1
BRDA:85,17,0,3
BRDA:85,17,1,2
BRDA:89,18,0,3
BRDA:89,18,1,0
BRDA:92,19,0,3
BRDA:92,19,1,0
BRDA:94,20,0,6
BRDA:94,20,1,0
BRDA:101,21,0,0
BRDA:101,21,1,3
BRDA:104,22,0,0
BRDA:104,22,1,0
BRDA:106,23,0,0
BRDA:106,23,1,0
BRDA:113,24,0,0
BRDA:113,24,1,3
BRDA:117,25,0,0
BRDA:117,25,1,3
BRDA:125,26,0,3
BRDA:125,26,1,3
BRDA:126,27,0,3
BRDA:126,27,1,0
BRDA:128,28,0,3
BRDA:128,28,1,0
BRDA:130,29,0,3
BRDA:130,29,1,0
BRDA:132,30,0,3
BRDA:132,30,1,0
BRF:66
BRH:22
end_of_record
TN:
SF:src\pages\Promotion\CommonSections\TableCatlog\TableCatlog.js
FN:19,TableCatlog
FN:39,(anonymous_1)
FN:43,(anonymous_2)
FN:47,(anonymous_3)
FN:51,(anonymous_4)
FN:77,(anonymous_5)
FNF:6
FNH:4
FNDA:3,TableCatlog
FNDA:2,(anonymous_1)
FNDA:0,(anonymous_2)
FNDA:2,(anonymous_3)
FNDA:2,(anonymous_4)
FNDA:0,(anonymous_5)
DA:20,3
DA:21,3
DA:22,3
DA:23,3
DA:24,3
DA:25,3
DA:27,3
DA:28,3
DA:34,3
DA:39,3
DA:40,2
DA:43,3
DA:44,0
DA:47,3
DA:48,2
DA:51,3
DA:52,2
DA:53,2
DA:54,2
DA:55,6
DA:56,4
DA:59,2
DA:61,3
DA:66,3
DA:67,2
DA:88,1
DA:92,3
LF:27
LH:26
BRDA:55,0,0,4
BRDA:55,0,1,2
BRDA:55,1,0,6
BRDA:55,1,1,6
BRDA:66,2,0,2
BRDA:66,2,1,1
BRDA:66,3,0,3
BRDA:66,3,1,3
BRDA:69,4,0,2
BRDA:69,4,1,0
BRDA:71,5,0,0
BRDA:71,5,1,2
BRF:12
BRH:10
end_of_record
TN:
SF:src\pages\Promotion\CommonSections\TableCatlog\Desktop\BasicTable.js
FN:14,BasicTable
FN:19,(anonymous_1)
FN:58,(anonymous_2)
FN:61,(anonymous_3)
FN:66,(anonymous_4)
FNF:5
FNH:0
FNDA:0,BasicTable
FNDA:0,(anonymous_1)
FNDA:0,(anonymous_2)
FNDA:0,(anonymous_3)
FNDA:0,(anonymous_4)
DA:15,0
DA:16,0
DA:17,0
DA:19,0
DA:26,0
DA:27,0
DA:29,0
DA:30,0
DA:31,0
DA:34,0
DA:58,0
DA:59,0
DA:60,0
DA:61,0
DA:62,0
DA:66,0
DA:67,0
DA:68,0
DA:70,0
DA:79,0
DA:80,0
DA:81,0
DA:82,0
DA:83,0
DA:84,0
DA:86,0
DA:97,0
LF:27
LH:0
BRDA:22,0,0,0
BRDA:24,1,0,0
BRDA:39,2,0,0
BRDA:39,2,1,0
BRDA:63,3,0,0
BRDA:63,3,1,0
BRDA:75,4,0,0
BRDA:75,4,1,0
BRF:8
BRH:0
end_of_record
TN:
SF:src\pages\Promotion\CommonSections\TableCatlog\Desktop\CatlogDesktop.js
FN:4,CatlogDesktop
FNF:1
FNH:0
FNDA:0,CatlogDesktop
DA:5,0
LF:1
LH:0
BRDA:4,0,0,0
BRF:1
BRH:0
end_of_record
TN:
SF:src\pages\Promotion\CommonSections\TableCatlog\Desktop\TableCatlogBase.js
FN:4,TableCatlogBase
FNF:1
FNH:0
FNDA:0,TableCatlogBase
DA:5,0
DA:6,0
DA:7,0
DA:8,0
DA:14,0
LF:5
LH:0
BRF:0
BRH:0
end_of_record
TN:
SF:src\pages\Promotion\CommonSections\TableCatlog\Desktop\TableRow.js
FN:11,TableRow
FN:23,(anonymous_1)
FN:26,(anonymous_2)
FN:34,(anonymous_3)
FN:55,(anonymous_4)
FNF:5
FNH:2
FNDA:1,TableRow
FNDA:0,(anonymous_1)
FNDA:0,(anonymous_2)
FNDA:3,(anonymous_3)
FNDA:0,(anonymous_4)
DA:19,1
DA:20,1
DA:21,1
DA:22,1
DA:23,1
DA:24,0
DA:25,0
DA:26,0
DA:27,0
DA:30,0
DA:34,1
DA:35,3
DA:39,1
DA:55,0
DA:73,4
LF:15
LH:9
BRDA:13,0,0,0
BRDA:14,1,0,0
BRDA:22,2,0,1
BRDA:22,2,1,0
BRDA:25,3,0,0
BRDA:25,3,1,0
BRDA:35,4,0,0
BRDA:35,4,1,3
BRDA:41,5,0,1
BRDA:41,5,1,0
BRDA:52,6,0,1
BRDA:52,6,1,0
BRDA:61,7,0,1
BRDA:61,7,1,0
BRF:14
BRH:5
end_of_record
TN:
SF:src\pages\Promotion\CommonSections\TableCatlog\Desktop\TableSection.js
FN:8,TableSection
FN:12,(anonymous_1)
FN:15,(anonymous_2)
FNF:3
FNH:0
FNDA:0,TableSection
FNDA:0,(anonymous_1)
FNDA:0,(anonymous_2)
DA:9,0
DA:10,0
DA:11,0
DA:12,0
DA:13,0
DA:14,0
DA:15,0
DA:16,0
DA:23,0
DA:34,0
DA:43,3
LF:11
LH:1
BRDA:11,0,0,0
BRDA:11,0,1,0
BRF:2
BRH:0
end_of_record
TN:
SF:src\pages\Promotion\CommonSections\TableCatlog\Desktop\Buttons\Buttons.js
FN:11,Buttons
FN:20,(anonymous_1)
FN:32,(anonymous_2)
FNF:3
FNH:0
FNDA:0,Buttons
FNDA:0,(anonymous_1)
FNDA:0,(anonymous_2)
DA:16,0
DA:17,0
DA:20,0
DA:21,0
DA:23,0
DA:32,0
DA:47,3
LF:7
LH:1
BRDA:21,0,0,0
BRDA:21,0,1,0
BRDA:29,1,0,0
BRDA:29,1,1,0
BRDA:38,2,0,0
BRDA:38,2,1,0
BRF:6
BRH:0
end_of_record
TN:
SF:src\pages\Promotion\CommonSections\TableCatlog\Desktop\CatalogImg\CatlogImg.js
FN:6,CatlogImg
FN:16,numberWithCommas
FNF:2
FNH:2
FNDA:1,CatlogImg
FNDA:1,numberWithCommas
DA:15,1
DA:17,1
DA:19,1
DA:20,1
DA:44,4
LF:5
LH:5
BRDA:6,0,0,0
BRDA:8,1,0,0
BRDA:9,2,0,0
BRDA:10,3,0,0
BRDA:11,4,0,0
BRDA:12,5,0,0
BRDA:13,6,0,0
BRDA:14,7,0,0
BRF:8
BRH:0
end_of_record
TN:
SF:src\pages\Promotion\CommonSections\TableCatlog\Mobile\CatlogImg.js
FN:6,CatlogImg
FNF:1
FNH:1
FNDA:3,CatlogImg
DA:14,3
DA:15,3
DA:37,4
LF:3
LH:3
BRDA:6,0,0,0
BRDA:8,1,0,0
BRDA:9,2,0,0
BRDA:10,3,0,0
BRDA:11,4,0,0
BRDA:12,5,0,0
BRDA:13,6,0,0
BRF:7
BRH:0
end_of_record
TN:
SF:src\pages\Promotion\CommonSections\TableCatlog\Mobile\CatlogMobile.js
FN:3,CatlogMobile
FNF:1
FNH:1
FNDA:2,CatlogMobile
DA:5,2
LF:1
LH:1
BRDA:3,0,0,0
BRF:1
BRH:0
end_of_record
TN:
SF:src\pages\Promotion\CommonSections\TableCatlog\Mobile\TableRow.js
FN:12,TableRow
FN:27,(anonymous_1)
FN:34,(anonymous_2)
FN:52,(anonymous_3)
FNF:4
FNH:3
FNDA:3,TableRow
FNDA:6,(anonymous_1)
FNDA:6,(anonymous_2)
FNDA:0,(anonymous_3)
DA:20,3
DA:21,3
DA:22,3
DA:23,3
DA:24,3
DA:25,3
DA:26,3
DA:27,3
DA:28,6
DA:29,6
DA:34,3
DA:35,6
DA:37,3
DA:52,0
DA:68,4
LF:15
LH:14
BRDA:14,0,0,0
BRDA:15,1,0,0
BRDA:26,2,0,3
BRDA:26,2,1,0
BRDA:28,3,0,6
BRDA:28,3,1,0
BRDA:35,4,0,4
BRDA:35,4,1,2
BRDA:49,5,0,3
BRDA:49,5,1,2
BRDA:58,6,0,3
BRDA:58,6,1,2
BRF:12
BRH:8
end_of_record
TN:
SF:src\pages\Promotion\CommonSections\TableCatlog\Mobile\TableSection.js
FN:7,TableSection
FN:12,(anonymous_1)
FN:15,(anonymous_2)
FNF:3
FNH:3
FNDA:2,TableSection
FNDA:2,(anonymous_1)
FNDA:2,(anonymous_2)
DA:8,2
DA:9,2
DA:10,2
DA:11,2
DA:12,2
DA:13,2
DA:14,2
DA:15,2
DA:16,2
DA:23,2
DA:44,2
DA:47,3
LF:12
LH:12
BRDA:11,0,0,2
BRDA:11,0,1,0
BRF:2
BRH:1
end_of_record
TN:
SF:src\pages\Promotion\CommonSections\TableCatlog\Mobile\Table\BasicTable.js
FN:12,BasicTable
FN:18,(anonymous_1)
FN:32,(anonymous_2)
FN:34,(anonymous_3)
FNF:4
FNH:4
FNDA:3,BasicTable
FNDA:6,(anonymous_1)
FNDA:8,(anonymous_2)
FNDA:24,(anonymous_3)
DA:13,3
DA:14,3
DA:15,3
DA:17,3
DA:18,3
DA:19,6
DA:21,3
DA:22,3
DA:23,3
DA:24,8
DA:25,8
DA:26,24
DA:28,8
DA:31,3
DA:32,3
DA:33,8
DA:34,8
DA:35,24
DA:39,8
DA:48,3
LF:20
LH:20
BRDA:21,0,0,2
BRDA:21,0,1,1
BRF:2
BRH:2
end_of_record
TN:
SF:src\pages\Promotion\CommonSections\TableHeader\Header.js
FN:10,Header
FN:13,(anonymous_1)
FNF:2
FNH:2
FNDA:1,Header
FNDA:1,(anonymous_1)
DA:11,1
DA:12,1
DA:13,1
DA:14,1
DA:36,3
LF:5
LH:5
BRF:0
BRH:0
end_of_record
TN:
SF:src\pages\Promotion\CommonSections\TermsAndCondition\TermsAndConditions.jsx
FN:11,(anonymous_0)
FN:17,(anonymous_1)
FN:26,(anonymous_2)
FNF:3
FNH:3
FNDA:2,(anonymous_0)
FNDA:5,(anonymous_1)
FNDA:3,(anonymous_2)
DA:11,4
DA:12,2
DA:13,2
DA:15,2
DA:16,2
DA:17,1
DA:18,5
DA:19,3
DA:24,2
DA:27,3
DA:28,3
DA:29,3
DA:57,4
LF:13
LH:13
BRDA:16,0,0,1
BRDA:16,0,1,1
BRDA:18,1,0,3
BRDA:18,1,1,2
BRDA:27,2,0,0
BRDA:27,3,0,3
BRDA:27,3,1,0
BRDA:38,4,0,3
BRDA:38,4,1,0
BRF:9
BRH:6
end_of_record
TN:
SF:src\pages\Promotion\HotDeal\HotDeals.js
FN:17,HotDeals
FNF:1
FNH:1
FNDA:2,HotDeals
DA:18,2
LF:1
LH:1
BRF:0
BRH:0
end_of_record
